This file contains any messages produced by compilers while
running configure, to aid debugging if configure makes a mistake.

It was created by MrBayes configure 3.2.7a, which was
generated by GNU Autoconf 2.69.  Invocation command line was

  $ ./configure 

## --------- ##
## Platform. ##
## --------- ##

hostname = CDM-804
uname -m = x86_64
uname -r = 4.15.0-60-generic
uname -s = Linux
uname -v = #67-Ubuntu SMP Thu Aug 22 16:55:30 UTC 2019

/usr/bin/uname -p = unknown
/bin/uname -X     = unknown

/bin/arch              = unknown
/usr/bin/arch -k       = unknown
/usr/convex/getsysinfo = unknown
/usr/bin/hostinfo      = unknown
/bin/machine           = unknown
/usr/bin/oslevel       = unknown
/bin/universe          = unknown

PATH: /usr/local/sbin
PATH: /usr/local/bin
PATH: /usr/sbin
PATH: /usr/bin
PATH: /sbin
PATH: /bin
PATH: /usr/games
PATH: /usr/local/games
PATH: /snap/bin


## ----------- ##
## Core tests. ##
## ----------- ##

configure:2495: checking for a BSD-compatible install
configure:2563: result: /usr/bin/install -c
configure:2574: checking whether build environment is sane
configure:2629: result: yes
configure:2780: checking for a thread-safe mkdir -p
configure:2819: result: /bin/mkdir -p
configure:2826: checking for gawk
configure:2842: found /usr/bin/gawk
configure:2853: result: gawk
configure:2864: checking whether make sets $(MAKE)
configure:2886: result: yes
configure:2915: checking whether make supports nested variables
configure:2932: result: yes
configure:3059: checking whether to enable maintainer-specific portions of Makefiles
configure:3068: result: no
configure:3090: checking build system type
configure:3104: result: x86_64-unknown-linux-gnu
configure:3124: checking host system type
configure:3137: result: x86_64-unknown-linux-gnu
configure:3313: checking for pkg-config
configure:3346: result: no
configure:3384: checking for pdflatex
configure:3417: result: no
configure:3424: checking for bibtex
configure:3457: result: no
configure:3473: WARNING: pdflatex or bibtex is missing, documentation will not be rebuilt
configure:3490: checking for style of include used by make
configure:3518: result: GNU
configure:3544: checking whether to compile using MPI
configure:3551: result: no
configure:3708: checking for gcc
configure:3724: found /usr/bin/gcc
configure:3735: result: gcc
configure:3964: checking for C compiler version
configure:3973: gcc --version >&5
gcc (Ubuntu 7.5.0-3ubuntu1~18.04) 7.5.0
Copyright (C) 2017 Free Software Foundation, Inc.
This is free software; see the source for copying conditions.  There is NO
warranty; not even for MERCHANTABILITY or FITNESS FOR A PARTICULAR PURPOSE.

configure:3984: $? = 0
configure:3973: gcc -v >&5
Using built-in specs.
COLLECT_GCC=gcc
COLLECT_LTO_WRAPPER=/usr/lib/gcc/x86_64-linux-gnu/7/lto-wrapper
OFFLOAD_TARGET_NAMES=nvptx-none
OFFLOAD_TARGET_DEFAULT=1
Target: x86_64-linux-gnu
Configured with: ../src/configure -v --with-pkgversion='Ubuntu 7.5.0-3ubuntu1~18.04' --with-bugurl=file:///usr/share/doc/gcc-7/README.Bugs --enable-languages=c,ada,c++,go,brig,d,fortran,objc,obj-c++ --prefix=/usr --with-gcc-major-version-only --program-suffix=-7 --program-prefix=x86_64-linux-gnu- --enable-shared --enable-linker-build-id --libexecdir=/usr/lib --without-included-gettext --enable-threads=posix --libdir=/usr/lib --enable-nls --enable-bootstrap --enable-clocale=gnu --enable-libstdcxx-debug --enable-libstdcxx-time=yes --with-default-libstdcxx-abi=new --enable-gnu-unique-object --disable-vtable-verify --enable-libmpx --enable-plugin --enable-default-pie --with-system-zlib --with-target-system-zlib --enable-objc-gc=auto --enable-multiarch --disable-werror --with-arch-32=i686 --with-abi=m64 --with-multilib-list=m32,m64,mx32 --enable-multilib --with-tune=generic --enable-offload-targets=nvptx-none --without-cuda-driver --enable-checking=release --build=x86_64-linux-gnu --host=x86_64-linux-gnu --target=x86_64-linux-gnu
Thread model: posix
gcc version 7.5.0 (Ubuntu 7.5.0-3ubuntu1~18.04) 
configure:3984: $? = 0
configure:3973: gcc -V >&5
gcc: error: unrecognized command line option '-V'
gcc: fatal error: no input files
compilation terminated.
configure:3984: $? = 1
configure:3973: gcc -qversion >&5
gcc: error: unrecognized command line option '-qversion'; did you mean '--version'?
gcc: fatal error: no input files
compilation terminated.
configure:3984: $? = 1
configure:4004: checking whether the C compiler works
configure:4026: gcc -O3 -DNDEBUG -std=c99 -pedantic    conftest.c  >&5
configure:4030: $? = 0
configure:4078: result: yes
configure:4081: checking for C compiler default output file name
configure:4083: result: a.out
configure:4089: checking for suffix of executables
configure:4096: gcc -o conftest -O3 -DNDEBUG -std=c99 -pedantic    conftest.c  >&5
configure:4100: $? = 0
configure:4122: result: 
configure:4144: checking whether we are cross compiling
configure:4152: gcc -o conftest -O3 -DNDEBUG -std=c99 -pedantic    conftest.c  >&5
configure:4156: $? = 0
configure:4163: ./conftest
configure:4167: $? = 0
configure:4182: result: no
configure:4187: checking for suffix of object files
configure:4209: gcc -c -O3 -DNDEBUG -std=c99 -pedantic   conftest.c >&5
configure:4213: $? = 0
configure:4234: result: o
configure:4238: checking whether we are using the GNU C compiler
configure:4257: gcc -c -O3 -DNDEBUG -std=c99 -pedantic   conftest.c >&5
configure:4257: $? = 0
configure:4266: result: yes
configure:4275: checking whether gcc accepts -g
configure:4295: gcc -c -g  conftest.c >&5
configure:4295: $? = 0
configure:4336: result: yes
configure:4353: checking for gcc option to accept ISO C89
configure:4416: gcc  -c -O3 -DNDEBUG -std=c99 -pedantic   conftest.c >&5
configure:4416: $? = 0
configure:4429: result: none needed
configure:4454: checking whether gcc understands -c and -o together
configure:4476: gcc -c conftest.c -o conftest2.o
configure:4479: $? = 0
configure:4476: gcc -c conftest.c -o conftest2.o
configure:4479: $? = 0
configure:4491: result: yes
configure:4510: checking dependency style of gcc
configure:4621: result: gcc3
configure:4762: checking for sqrt in -lm
configure:4787: gcc -o conftest -O3 -DNDEBUG -std=c99 -pedantic    conftest.c -lm   >&5
conftest.c:20:6: warning: conflicting types for built-in function 'sqrt' [-Wbuiltin-declaration-mismatch]
 char sqrt ();
      ^~~~
configure:4787: $? = 0
configure:4796: result: yes
configure:4823: checking how to run the C preprocessor
configure:4854: gcc -E  conftest.c
configure:4854: $? = 0
configure:4868: gcc -E  conftest.c
conftest.c:14:10: fatal error: ac_nonexistent.h: No such file or directory
 #include <ac_nonexistent.h>
          ^~~~~~~~~~~~~~~~~~
compilation terminated.
configure:4868: $? = 1
configure: failed program was:
| /* confdefs.h */
| #define PACKAGE_NAME "MrBayes"
| #define PACKAGE_TARNAME "mrbayes"
| #define PACKAGE_VERSION "3.2.7a"
| #define PACKAGE_STRING "MrBayes 3.2.7a"
| #define PACKAGE_BUGREPORT ""
| #define PACKAGE_URL ""
| #define PACKAGE "mrbayes"
| #define VERSION "3.2.7a"
| #define HOST_TYPE "x86_64-unknown-linux-gnu"
| #define HOST_CPU "x86_64"
| #define HAVE_LIBM 1
| /* end confdefs.h.  */
| #include <ac_nonexistent.h>
configure:4893: result: gcc -E
configure:4913: gcc -E  conftest.c
configure:4913: $? = 0
configure:4927: gcc -E  conftest.c
conftest.c:14:10: fatal error: ac_nonexistent.h: No such file or directory
 #include <ac_nonexistent.h>
          ^~~~~~~~~~~~~~~~~~
compilation terminated.
configure:4927: $? = 1
configure: failed program was:
| /* confdefs.h */
| #define PACKAGE_NAME "MrBayes"
| #define PACKAGE_TARNAME "mrbayes"
| #define PACKAGE_VERSION "3.2.7a"
| #define PACKAGE_STRING "MrBayes 3.2.7a"
| #define PACKAGE_BUGREPORT ""
| #define PACKAGE_URL ""
| #define PACKAGE "mrbayes"
| #define VERSION "3.2.7a"
| #define HOST_TYPE "x86_64-unknown-linux-gnu"
| #define HOST_CPU "x86_64"
| #define HAVE_LIBM 1
| /* end confdefs.h.  */
| #include <ac_nonexistent.h>
configure:4956: checking for grep that handles long lines and -e
configure:5014: result: /bin/grep
configure:5019: checking for egrep
configure:5081: result: /bin/grep -E
configure:5086: checking for ANSI C header files
configure:5106: gcc -c -O3 -DNDEBUG -std=c99 -pedantic   conftest.c >&5
configure:5106: $? = 0
configure:5179: gcc -o conftest -O3 -DNDEBUG -std=c99 -pedantic    conftest.c -lm  >&5
configure:5179: $? = 0
configure:5179: ./conftest
configure:5179: $? = 0
configure:5190: result: yes
configure:5203: checking for sys/types.h
configure:5203: gcc -c -O3 -DNDEBUG -std=c99 -pedantic   conftest.c >&5
configure:5203: $? = 0
configure:5203: result: yes
configure:5203: checking for sys/stat.h
configure:5203: gcc -c -O3 -DNDEBUG -std=c99 -pedantic   conftest.c >&5
configure:5203: $? = 0
configure:5203: result: yes
configure:5203: checking for stdlib.h
configure:5203: gcc -c -O3 -DNDEBUG -std=c99 -pedantic   conftest.c >&5
configure:5203: $? = 0
configure:5203: result: yes
configure:5203: checking for string.h
configure:5203: gcc -c -O3 -DNDEBUG -std=c99 -pedantic   conftest.c >&5
configure:5203: $? = 0
configure:5203: result: yes
configure:5203: checking for memory.h
configure:5203: gcc -c -O3 -DNDEBUG -std=c99 -pedantic   conftest.c >&5
configure:5203: $? = 0
configure:5203: result: yes
configure:5203: checking for strings.h
configure:5203: gcc -c -O3 -DNDEBUG -std=c99 -pedantic   conftest.c >&5
configure:5203: $? = 0
configure:5203: result: yes
configure:5203: checking for inttypes.h
configure:5203: gcc -c -O3 -DNDEBUG -std=c99 -pedantic   conftest.c >&5
configure:5203: $? = 0
configure:5203: result: yes
configure:5203: checking for stdint.h
configure:5203: gcc -c -O3 -DNDEBUG -std=c99 -pedantic   conftest.c >&5
configure:5203: $? = 0
configure:5203: result: yes
configure:5203: checking for unistd.h
configure:5203: gcc -c -O3 -DNDEBUG -std=c99 -pedantic   conftest.c >&5
configure:5203: $? = 0
configure:5203: result: yes
configure:5239: Trying to locate Beagle (hmsbeagle-1) in '/usr/local'
configure:5246: checking libhmsbeagle/beagle.h usability
configure:5246: gcc -c -O3 -DNDEBUG -std=c99 -pedantic  -I/usr/local/include/libhmsbeagle-1 conftest.c >&5
conftest.c:57:10: fatal error: libhmsbeagle/beagle.h: No such file or directory
 #include <libhmsbeagle/beagle.h>
          ^~~~~~~~~~~~~~~~~~~~~~~
compilation terminated.
configure:5246: $? = 1
configure: failed program was:
| /* confdefs.h */
| #define PACKAGE_NAME "MrBayes"
| #define PACKAGE_TARNAME "mrbayes"
| #define PACKAGE_VERSION "3.2.7a"
| #define PACKAGE_STRING "MrBayes 3.2.7a"
| #define PACKAGE_BUGREPORT ""
| #define PACKAGE_URL ""
| #define PACKAGE "mrbayes"
| #define VERSION "3.2.7a"
| #define HOST_TYPE "x86_64-unknown-linux-gnu"
| #define HOST_CPU "x86_64"
| #define HAVE_LIBM 1
| #define STDC_HEADERS 1
| #define HAVE_SYS_TYPES_H 1
| #define HAVE_SYS_STAT_H 1
| #define HAVE_STDLIB_H 1
| #define HAVE_STRING_H 1
| #define HAVE_MEMORY_H 1
| #define HAVE_STRINGS_H 1
| #define HAVE_INTTYPES_H 1
| #define HAVE_STDINT_H 1
| #define HAVE_UNISTD_H 1
| /* end confdefs.h.  */
| #include <stdio.h>
| #ifdef HAVE_SYS_TYPES_H
| # include <sys/types.h>
| #endif
| #ifdef HAVE_SYS_STAT_H
| # include <sys/stat.h>
| #endif
| #ifdef STDC_HEADERS
| # include <stdlib.h>
| # include <stddef.h>
| #else
| # ifdef HAVE_STDLIB_H
| #  include <stdlib.h>
| # endif
| #endif
| #ifdef HAVE_STRING_H
| # if !defined STDC_HEADERS && defined HAVE_MEMORY_H
| #  include <memory.h>
| # endif
| # include <string.h>
| #endif
| #ifdef HAVE_STRINGS_H
| # include <strings.h>
| #endif
| #ifdef HAVE_INTTYPES_H
| # include <inttypes.h>
| #endif
| #ifdef HAVE_STDINT_H
| # include <stdint.h>
| #endif
| #ifdef HAVE_UNISTD_H
| # include <unistd.h>
| #endif
| #include <libhmsbeagle/beagle.h>
configure:5246: result: no
configure:5246: checking libhmsbeagle/beagle.h presence
configure:5246: gcc -E -I/usr/local/include/libhmsbeagle-1 conftest.c
conftest.c:24:10: fatal error: libhmsbeagle/beagle.h: No such file or directory
 #include <libhmsbeagle/beagle.h>
          ^~~~~~~~~~~~~~~~~~~~~~~
compilation terminated.
configure:5246: $? = 1
configure: failed program was:
| /* confdefs.h */
| #define PACKAGE_NAME "MrBayes"
| #define PACKAGE_TARNAME "mrbayes"
| #define PACKAGE_VERSION "3.2.7a"
| #define PACKAGE_STRING "MrBayes 3.2.7a"
| #define PACKAGE_BUGREPORT ""
| #define PACKAGE_URL ""
| #define PACKAGE "mrbayes"
| #define VERSION "3.2.7a"
| #define HOST_TYPE "x86_64-unknown-linux-gnu"
| #define HOST_CPU "x86_64"
| #define HAVE_LIBM 1
| #define STDC_HEADERS 1
| #define HAVE_SYS_TYPES_H 1
| #define HAVE_SYS_STAT_H 1
| #define HAVE_STDLIB_H 1
| #define HAVE_STRING_H 1
| #define HAVE_MEMORY_H 1
| #define HAVE_STRINGS_H 1
| #define HAVE_INTTYPES_H 1
| #define HAVE_STDINT_H 1
| #define HAVE_UNISTD_H 1
| /* end confdefs.h.  */
| #include <libhmsbeagle/beagle.h>
configure:5246: result: no
configure:5246: checking for libhmsbeagle/beagle.h
configure:5246: result: no
configure:5253: checking for beagleCreateInstance in -lhmsbeagle
configure:5278: gcc -o conftest -O3 -DNDEBUG -std=c99 -pedantic  -I/usr/local/include/libhmsbeagle-1 -L/usr/local/lib -Wl,-rpath,/usr/local/lib conftest.c -lhmsbeagle  -lm  >&5
/usr/bin/ld: cannot find -lhmsbeagle
collect2: error: ld returned 1 exit status
configure:5278: $? = 1
configure: failed program was:
| /* confdefs.h */
| #define PACKAGE_NAME "MrBayes"
| #define PACKAGE_TARNAME "mrbayes"
| #define PACKAGE_VERSION "3.2.7a"
| #define PACKAGE_STRING "MrBayes 3.2.7a"
| #define PACKAGE_BUGREPORT ""
| #define PACKAGE_URL ""
| #define PACKAGE "mrbayes"
| #define VERSION "3.2.7a"
| #define HOST_TYPE "x86_64-unknown-linux-gnu"
| #define HOST_CPU "x86_64"
| #define HAVE_LIBM 1
| #define STDC_HEADERS 1
| #define HAVE_SYS_TYPES_H 1
| #define HAVE_SYS_STAT_H 1
| #define HAVE_STDLIB_H 1
| #define HAVE_STRING_H 1
| #define HAVE_MEMORY_H 1
| #define HAVE_STRINGS_H 1
| #define HAVE_INTTYPES_H 1
| #define HAVE_STDINT_H 1
| #define HAVE_UNISTD_H 1
| /* end confdefs.h.  */
| 
| /* Override any GCC internal prototype to avoid an error.
|    Use char because int might match the return type of a GCC
|    builtin and then its argument prototype would still apply.  */
| #ifdef __cplusplus
| extern "C"
| #endif
| char beagleCreateInstance ();
| int
| main ()
| {
| return beagleCreateInstance ();
|   ;
|   return 0;
| }
configure:5287: result: no
configure:5239: Trying to locate Beagle (hmsbeagle-1) in '/usr'
configure:5246: checking libhmsbeagle/beagle.h usability
configure:5246: gcc -c -O3 -DNDEBUG -std=c99 -pedantic  -I/usr/include/libhmsbeagle-1 conftest.c >&5
conftest.c:57:10: fatal error: libhmsbeagle/beagle.h: No such file or directory
 #include <libhmsbeagle/beagle.h>
          ^~~~~~~~~~~~~~~~~~~~~~~
compilation terminated.
configure:5246: $? = 1
configure: failed program was:
| /* confdefs.h */
| #define PACKAGE_NAME "MrBayes"
| #define PACKAGE_TARNAME "mrbayes"
| #define PACKAGE_VERSION "3.2.7a"
| #define PACKAGE_STRING "MrBayes 3.2.7a"
| #define PACKAGE_BUGREPORT ""
| #define PACKAGE_URL ""
| #define PACKAGE "mrbayes"
| #define VERSION "3.2.7a"
| #define HOST_TYPE "x86_64-unknown-linux-gnu"
| #define HOST_CPU "x86_64"
| #define HAVE_LIBM 1
| #define STDC_HEADERS 1
| #define HAVE_SYS_TYPES_H 1
| #define HAVE_SYS_STAT_H 1
| #define HAVE_STDLIB_H 1
| #define HAVE_STRING_H 1
| #define HAVE_MEMORY_H 1
| #define HAVE_STRINGS_H 1
| #define HAVE_INTTYPES_H 1
| #define HAVE_STDINT_H 1
| #define HAVE_UNISTD_H 1
| /* end confdefs.h.  */
| #include <stdio.h>
| #ifdef HAVE_SYS_TYPES_H
| # include <sys/types.h>
| #endif
| #ifdef HAVE_SYS_STAT_H
| # include <sys/stat.h>
| #endif
| #ifdef STDC_HEADERS
| # include <stdlib.h>
| # include <stddef.h>
| #else
| # ifdef HAVE_STDLIB_H
| #  include <stdlib.h>
| # endif
| #endif
| #ifdef HAVE_STRING_H
| # if !defined STDC_HEADERS && defined HAVE_MEMORY_H
| #  include <memory.h>
| # endif
| # include <string.h>
| #endif
| #ifdef HAVE_STRINGS_H
| # include <strings.h>
| #endif
| #ifdef HAVE_INTTYPES_H
| # include <inttypes.h>
| #endif
| #ifdef HAVE_STDINT_H
| # include <stdint.h>
| #endif
| #ifdef HAVE_UNISTD_H
| # include <unistd.h>
| #endif
| #include <libhmsbeagle/beagle.h>
configure:5246: result: no
configure:5246: checking libhmsbeagle/beagle.h presence
configure:5246: gcc -E -I/usr/include/libhmsbeagle-1 conftest.c
conftest.c:24:10: fatal error: libhmsbeagle/beagle.h: No such file or directory
 #include <libhmsbeagle/beagle.h>
          ^~~~~~~~~~~~~~~~~~~~~~~
compilation terminated.
configure:5246: $? = 1
configure: failed program was:
| /* confdefs.h */
| #define PACKAGE_NAME "MrBayes"
| #define PACKAGE_TARNAME "mrbayes"
| #define PACKAGE_VERSION "3.2.7a"
| #define PACKAGE_STRING "MrBayes 3.2.7a"
| #define PACKAGE_BUGREPORT ""
| #define PACKAGE_URL ""
| #define PACKAGE "mrbayes"
| #define VERSION "3.2.7a"
| #define HOST_TYPE "x86_64-unknown-linux-gnu"
| #define HOST_CPU "x86_64"
| #define HAVE_LIBM 1
| #define STDC_HEADERS 1
| #define HAVE_SYS_TYPES_H 1
| #define HAVE_SYS_STAT_H 1
| #define HAVE_STDLIB_H 1
| #define HAVE_STRING_H 1
| #define HAVE_MEMORY_H 1
| #define HAVE_STRINGS_H 1
| #define HAVE_INTTYPES_H 1
| #define HAVE_STDINT_H 1
| #define HAVE_UNISTD_H 1
| /* end confdefs.h.  */
| #include <libhmsbeagle/beagle.h>
configure:5246: result: no
configure:5246: checking for libhmsbeagle/beagle.h
configure:5246: result: no
configure:5253: checking for beagleCreateInstance in -lhmsbeagle
configure:5287: result: no
configure:5326: WARNING: Failed to locate Beagle, falling back on pkg-config
configure:5331: checking for BEAGLE
configure:5390: result: no
configure:5478: checking for a readline compatible library
configure:5511: gcc -o conftest -O3 -DNDEBUG -std=c99 -pedantic    conftest.c -lm  -lreadline >&5
/usr/bin/ld: cannot find -lreadline
collect2: error: ld returned 1 exit status
configure:5511: $? = 1
configure: failed program was:
| /* confdefs.h */
| #define PACKAGE_NAME "MrBayes"
| #define PACKAGE_TARNAME "mrbayes"
| #define PACKAGE_VERSION "3.2.7a"
| #define PACKAGE_STRING "MrBayes 3.2.7a"
| #define PACKAGE_BUGREPORT ""
| #define PACKAGE_URL ""
| #define PACKAGE "mrbayes"
| #define VERSION "3.2.7a"
| #define HOST_TYPE "x86_64-unknown-linux-gnu"
| #define HOST_CPU "x86_64"
| #define HAVE_LIBM 1
| #define STDC_HEADERS 1
| #define HAVE_SYS_TYPES_H 1
| #define HAVE_SYS_STAT_H 1
| #define HAVE_STDLIB_H 1
| #define HAVE_STRING_H 1
| #define HAVE_MEMORY_H 1
| #define HAVE_STRINGS_H 1
| #define HAVE_INTTYPES_H 1
| #define HAVE_STDINT_H 1
| #define HAVE_UNISTD_H 1
| /* end confdefs.h.  */
| 
| /* Override any GCC internal prototype to avoid an error.
|    Use char because int might match the return type of a GCC
|    builtin and then its argument prototype would still apply.  */
| #ifdef __cplusplus
| extern "C"
| #endif
| char readline ();
| int
| main ()
| {
| return readline ();
|   ;
|   return 0;
| }
configure:5511: gcc -o conftest -O3 -DNDEBUG -std=c99 -pedantic    conftest.c -lm  -lreadline -ltermcap >&5
/usr/bin/ld: cannot find -lreadline
/usr/bin/ld: cannot find -ltermcap
collect2: error: ld returned 1 exit status
configure:5511: $? = 1
configure: failed program was:
| /* confdefs.h */
| #define PACKAGE_NAME "MrBayes"
| #define PACKAGE_TARNAME "mrbayes"
| #define PACKAGE_VERSION "3.2.7a"
| #define PACKAGE_STRING "MrBayes 3.2.7a"
| #define PACKAGE_BUGREPORT ""
| #define PACKAGE_URL ""
| #define PACKAGE "mrbayes"
| #define VERSION "3.2.7a"
| #define HOST_TYPE "x86_64-unknown-linux-gnu"
| #define HOST_CPU "x86_64"
| #define HAVE_LIBM 1
| #define STDC_HEADERS 1
| #define HAVE_SYS_TYPES_H 1
| #define HAVE_SYS_STAT_H 1
| #define HAVE_STDLIB_H 1
| #define HAVE_STRING_H 1
| #define HAVE_MEMORY_H 1
| #define HAVE_STRINGS_H 1
| #define HAVE_INTTYPES_H 1
| #define HAVE_STDINT_H 1
| #define HAVE_UNISTD_H 1
| /* end confdefs.h.  */
| 
| /* Override any GCC internal prototype to avoid an error.
|    Use char because int might match the return type of a GCC
|    builtin and then its argument prototype would still apply.  */
| #ifdef __cplusplus
| extern "C"
| #endif
| char readline ();
| int
| main ()
| {
| return readline ();
|   ;
|   return 0;
| }
configure:5511: gcc -o conftest -O3 -DNDEBUG -std=c99 -pedantic    conftest.c -lm  -lreadline -lcurses >&5
/usr/bin/ld: cannot find -lreadline
/usr/bin/ld: cannot find -lcurses
collect2: error: ld returned 1 exit status
configure:5511: $? = 1
configure: failed program was:
| /* confdefs.h */
| #define PACKAGE_NAME "MrBayes"
| #define PACKAGE_TARNAME "mrbayes"
| #define PACKAGE_VERSION "3.2.7a"
| #define PACKAGE_STRING "MrBayes 3.2.7a"
| #define PACKAGE_BUGREPORT ""
| #define PACKAGE_URL ""
| #define PACKAGE "mrbayes"
| #define VERSION "3.2.7a"
| #define HOST_TYPE "x86_64-unknown-linux-gnu"
| #define HOST_CPU "x86_64"
| #define HAVE_LIBM 1
| #define STDC_HEADERS 1
| #define HAVE_SYS_TYPES_H 1
| #define HAVE_SYS_STAT_H 1
| #define HAVE_STDLIB_H 1
| #define HAVE_STRING_H 1
| #define HAVE_MEMORY_H 1
| #define HAVE_STRINGS_H 1
| #define HAVE_INTTYPES_H 1
| #define HAVE_STDINT_H 1
| #define HAVE_UNISTD_H 1
| /* end confdefs.h.  */
| 
| /* Override any GCC internal prototype to avoid an error.
|    Use char because int might match the return type of a GCC
|    builtin and then its argument prototype would still apply.  */
| #ifdef __cplusplus
| extern "C"
| #endif
| char readline ();
| int
| main ()
| {
| return readline ();
|   ;
|   return 0;
| }
configure:5511: gcc -o conftest -O3 -DNDEBUG -std=c99 -pedantic    conftest.c -lm  -lreadline -lncurses >&5
/usr/bin/ld: cannot find -lreadline
/usr/bin/ld: cannot find -lncurses
collect2: error: ld returned 1 exit status
configure:5511: $? = 1
configure: failed program was:
| /* confdefs.h */
| #define PACKAGE_NAME "MrBayes"
| #define PACKAGE_TARNAME "mrbayes"
| #define PACKAGE_VERSION "3.2.7a"
| #define PACKAGE_STRING "MrBayes 3.2.7a"
| #define PACKAGE_BUGREPORT ""
| #define PACKAGE_URL ""
| #define PACKAGE "mrbayes"
| #define VERSION "3.2.7a"
| #define HOST_TYPE "x86_64-unknown-linux-gnu"
| #define HOST_CPU "x86_64"
| #define HAVE_LIBM 1
| #define STDC_HEADERS 1
| #define HAVE_SYS_TYPES_H 1
| #define HAVE_SYS_STAT_H 1
| #define HAVE_STDLIB_H 1
| #define HAVE_STRING_H 1
| #define HAVE_MEMORY_H 1
| #define HAVE_STRINGS_H 1
| #define HAVE_INTTYPES_H 1
| #define HAVE_STDINT_H 1
| #define HAVE_UNISTD_H 1
| /* end confdefs.h.  */
| 
| /* Override any GCC internal prototype to avoid an error.
|    Use char because int might match the return type of a GCC
|    builtin and then its argument prototype would still apply.  */
| #ifdef __cplusplus
| extern "C"
| #endif
| char readline ();
| int
| main ()
| {
| return readline ();
|   ;
|   return 0;
| }
configure:5511: gcc -o conftest -O3 -DNDEBUG -std=c99 -pedantic    conftest.c -lm  -ledit >&5
/usr/bin/ld: cannot find -ledit
collect2: error: ld returned 1 exit status
configure:5511: $? = 1
configure: failed program was:
| /* confdefs.h */
| #define PACKAGE_NAME "MrBayes"
| #define PACKAGE_TARNAME "mrbayes"
| #define PACKAGE_VERSION "3.2.7a"
| #define PACKAGE_STRING "MrBayes 3.2.7a"
| #define PACKAGE_BUGREPORT ""
| #define PACKAGE_URL ""
| #define PACKAGE "mrbayes"
| #define VERSION "3.2.7a"
| #define HOST_TYPE "x86_64-unknown-linux-gnu"
| #define HOST_CPU "x86_64"
| #define HAVE_LIBM 1
| #define STDC_HEADERS 1
| #define HAVE_SYS_TYPES_H 1
| #define HAVE_SYS_STAT_H 1
| #define HAVE_STDLIB_H 1
| #define HAVE_STRING_H 1
| #define HAVE_MEMORY_H 1
| #define HAVE_STRINGS_H 1
| #define HAVE_INTTYPES_H 1
| #define HAVE_STDINT_H 1
| #define HAVE_UNISTD_H 1
| /* end confdefs.h.  */
| 
| /* Override any GCC internal prototype to avoid an error.
|    Use char because int might match the return type of a GCC
|    builtin and then its argument prototype would still apply.  */
| #ifdef __cplusplus
| extern "C"
| #endif
| char readline ();
| int
| main ()
| {
| return readline ();
|   ;
|   return 0;
| }
configure:5511: gcc -o conftest -O3 -DNDEBUG -std=c99 -pedantic    conftest.c -lm  -ledit -ltermcap >&5
/usr/bin/ld: cannot find -ledit
/usr/bin/ld: cannot find -ltermcap
collect2: error: ld returned 1 exit status
configure:5511: $? = 1
configure: failed program was:
| /* confdefs.h */
| #define PACKAGE_NAME "MrBayes"
| #define PACKAGE_TARNAME "mrbayes"
| #define PACKAGE_VERSION "3.2.7a"
| #define PACKAGE_STRING "MrBayes 3.2.7a"
| #define PACKAGE_BUGREPORT ""
| #define PACKAGE_URL ""
| #define PACKAGE "mrbayes"
| #define VERSION "3.2.7a"
| #define HOST_TYPE "x86_64-unknown-linux-gnu"
| #define HOST_CPU "x86_64"
| #define HAVE_LIBM 1
| #define STDC_HEADERS 1
| #define HAVE_SYS_TYPES_H 1
| #define HAVE_SYS_STAT_H 1
| #define HAVE_STDLIB_H 1
| #define HAVE_STRING_H 1
| #define HAVE_MEMORY_H 1
| #define HAVE_STRINGS_H 1
| #define HAVE_INTTYPES_H 1
| #define HAVE_STDINT_H 1
| #define HAVE_UNISTD_H 1
| /* end confdefs.h.  */
| 
| /* Override any GCC internal prototype to avoid an error.
|    Use char because int might match the return type of a GCC
|    builtin and then its argument prototype would still apply.  */
| #ifdef __cplusplus
| extern "C"
| #endif
| char readline ();
| int
| main ()
| {
| return readline ();
|   ;
|   return 0;
| }
configure:5511: gcc -o conftest -O3 -DNDEBUG -std=c99 -pedantic    conftest.c -lm  -ledit -lcurses >&5
/usr/bin/ld: cannot find -ledit
/usr/bin/ld: cannot find -lcurses
collect2: error: ld returned 1 exit status
configure:5511: $? = 1
configure: failed program was:
| /* confdefs.h */
| #define PACKAGE_NAME "MrBayes"
| #define PACKAGE_TARNAME "mrbayes"
| #define PACKAGE_VERSION "3.2.7a"
| #define PACKAGE_STRING "MrBayes 3.2.7a"
| #define PACKAGE_BUGREPORT ""
| #define PACKAGE_URL ""
| #define PACKAGE "mrbayes"
| #define VERSION "3.2.7a"
| #define HOST_TYPE "x86_64-unknown-linux-gnu"
| #define HOST_CPU "x86_64"
| #define HAVE_LIBM 1
| #define STDC_HEADERS 1
| #define HAVE_SYS_TYPES_H 1
| #define HAVE_SYS_STAT_H 1
| #define HAVE_STDLIB_H 1
| #define HAVE_STRING_H 1
| #define HAVE_MEMORY_H 1
| #define HAVE_STRINGS_H 1
| #define HAVE_INTTYPES_H 1
| #define HAVE_STDINT_H 1
| #define HAVE_UNISTD_H 1
| /* end confdefs.h.  */
| 
| /* Override any GCC internal prototype to avoid an error.
|    Use char because int might match the return type of a GCC
|    builtin and then its argument prototype would still apply.  */
| #ifdef __cplusplus
| extern "C"
| #endif
| char readline ();
| int
| main ()
| {
| return readline ();
|   ;
|   return 0;
| }
configure:5511: gcc -o conftest -O3 -DNDEBUG -std=c99 -pedantic    conftest.c -lm  -ledit -lncurses >&5
/usr/bin/ld: cannot find -ledit
/usr/bin/ld: cannot find -lncurses
collect2: error: ld returned 1 exit status
configure:5511: $? = 1
configure: failed program was:
| /* confdefs.h */
| #define PACKAGE_NAME "MrBayes"
| #define PACKAGE_TARNAME "mrbayes"
| #define PACKAGE_VERSION "3.2.7a"
| #define PACKAGE_STRING "MrBayes 3.2.7a"
| #define PACKAGE_BUGREPORT ""
| #define PACKAGE_URL ""
| #define PACKAGE "mrbayes"
| #define VERSION "3.2.7a"
| #define HOST_TYPE "x86_64-unknown-linux-gnu"
| #define HOST_CPU "x86_64"
| #define HAVE_LIBM 1
| #define STDC_HEADERS 1
| #define HAVE_SYS_TYPES_H 1
| #define HAVE_SYS_STAT_H 1
| #define HAVE_STDLIB_H 1
| #define HAVE_STRING_H 1
| #define HAVE_MEMORY_H 1
| #define HAVE_STRINGS_H 1
| #define HAVE_INTTYPES_H 1
| #define HAVE_STDINT_H 1
| #define HAVE_UNISTD_H 1
| /* end confdefs.h.  */
| 
| /* Override any GCC internal prototype to avoid an error.
|    Use char because int might match the return type of a GCC
|    builtin and then its argument prototype would still apply.  */
| #ifdef __cplusplus
| extern "C"
| #endif
| char readline ();
| int
| main ()
| {
| return readline ();
|   ;
|   return 0;
| }
configure:5511: gcc -o conftest -O3 -DNDEBUG -std=c99 -pedantic    conftest.c -lm  -leditline >&5
/usr/bin/ld: cannot find -leditline
collect2: error: ld returned 1 exit status
configure:5511: $? = 1
configure: failed program was:
| /* confdefs.h */
| #define PACKAGE_NAME "MrBayes"
| #define PACKAGE_TARNAME "mrbayes"
| #define PACKAGE_VERSION "3.2.7a"
| #define PACKAGE_STRING "MrBayes 3.2.7a"
| #define PACKAGE_BUGREPORT ""
| #define PACKAGE_URL ""
| #define PACKAGE "mrbayes"
| #define VERSION "3.2.7a"
| #define HOST_TYPE "x86_64-unknown-linux-gnu"
| #define HOST_CPU "x86_64"
| #define HAVE_LIBM 1
| #define STDC_HEADERS 1
| #define HAVE_SYS_TYPES_H 1
| #define HAVE_SYS_STAT_H 1
| #define HAVE_STDLIB_H 1
| #define HAVE_STRING_H 1
| #define HAVE_MEMORY_H 1
| #define HAVE_STRINGS_H 1
| #define HAVE_INTTYPES_H 1
| #define HAVE_STDINT_H 1
| #define HAVE_UNISTD_H 1
| /* end confdefs.h.  */
| 
| /* Override any GCC internal prototype to avoid an error.
|    Use char because int might match the return type of a GCC
|    builtin and then its argument prototype would still apply.  */
| #ifdef __cplusplus
| extern "C"
| #endif
| char readline ();
| int
| main ()
| {
| return readline ();
|   ;
|   return 0;
| }
configure:5511: gcc -o conftest -O3 -DNDEBUG -std=c99 -pedantic    conftest.c -lm  -leditline -ltermcap >&5
/usr/bin/ld: cannot find -leditline
/usr/bin/ld: cannot find -ltermcap
collect2: error: ld returned 1 exit status
configure:5511: $? = 1
configure: failed program was:
| /* confdefs.h */
| #define PACKAGE_NAME "MrBayes"
| #define PACKAGE_TARNAME "mrbayes"
| #define PACKAGE_VERSION "3.2.7a"
| #define PACKAGE_STRING "MrBayes 3.2.7a"
| #define PACKAGE_BUGREPORT ""
| #define PACKAGE_URL ""
| #define PACKAGE "mrbayes"
| #define VERSION "3.2.7a"
| #define HOST_TYPE "x86_64-unknown-linux-gnu"
| #define HOST_CPU "x86_64"
| #define HAVE_LIBM 1
| #define STDC_HEADERS 1
| #define HAVE_SYS_TYPES_H 1
| #define HAVE_SYS_STAT_H 1
| #define HAVE_STDLIB_H 1
| #define HAVE_STRING_H 1
| #define HAVE_MEMORY_H 1
| #define HAVE_STRINGS_H 1
| #define HAVE_INTTYPES_H 1
| #define HAVE_STDINT_H 1
| #define HAVE_UNISTD_H 1
| /* end confdefs.h.  */
| 
| /* Override any GCC internal prototype to avoid an error.
|    Use char because int might match the return type of a GCC
|    builtin and then its argument prototype would still apply.  */
| #ifdef __cplusplus
| extern "C"
| #endif
| char readline ();
| int
| main ()
| {
| return readline ();
|   ;
|   return 0;
| }
configure:5511: gcc -o conftest -O3 -DNDEBUG -std=c99 -pedantic    conftest.c -lm  -leditline -lcurses >&5
/usr/bin/ld: cannot find -leditline
/usr/bin/ld: cannot find -lcurses
collect2: error: ld returned 1 exit status
configure:5511: $? = 1
configure: failed program was:
| /* confdefs.h */
| #define PACKAGE_NAME "MrBayes"
| #define PACKAGE_TARNAME "mrbayes"
| #define PACKAGE_VERSION "3.2.7a"
| #define PACKAGE_STRING "MrBayes 3.2.7a"
| #define PACKAGE_BUGREPORT ""
| #define PACKAGE_URL ""
| #define PACKAGE "mrbayes"
| #define VERSION "3.2.7a"
| #define HOST_TYPE "x86_64-unknown-linux-gnu"
| #define HOST_CPU "x86_64"
| #define HAVE_LIBM 1
| #define STDC_HEADERS 1
| #define HAVE_SYS_TYPES_H 1
| #define HAVE_SYS_STAT_H 1
| #define HAVE_STDLIB_H 1
| #define HAVE_STRING_H 1
| #define HAVE_MEMORY_H 1
| #define HAVE_STRINGS_H 1
| #define HAVE_INTTYPES_H 1
| #define HAVE_STDINT_H 1
| #define HAVE_UNISTD_H 1
| /* end confdefs.h.  */
| 
| /* Override any GCC internal prototype to avoid an error.
|    Use char because int might match the return type of a GCC
|    builtin and then its argument prototype would still apply.  */
| #ifdef __cplusplus
| extern "C"
| #endif
| char readline ();
| int
| main ()
| {
| return readline ();
|   ;
|   return 0;
| }
configure:5511: gcc -o conftest -O3 -DNDEBUG -std=c99 -pedantic    conftest.c -lm  -leditline -lncurses >&5
/usr/bin/ld: cannot find -leditline
/usr/bin/ld: cannot find -lncurses
collect2: error: ld returned 1 exit status
configure:5511: $? = 1
configure: failed program was:
| /* confdefs.h */
| #define PACKAGE_NAME "MrBayes"
| #define PACKAGE_TARNAME "mrbayes"
| #define PACKAGE_VERSION "3.2.7a"
| #define PACKAGE_STRING "MrBayes 3.2.7a"
| #define PACKAGE_BUGREPORT ""
| #define PACKAGE_URL ""
| #define PACKAGE "mrbayes"
| #define VERSION "3.2.7a"
| #define HOST_TYPE "x86_64-unknown-linux-gnu"
| #define HOST_CPU "x86_64"
| #define HAVE_LIBM 1
| #define STDC_HEADERS 1
| #define HAVE_SYS_TYPES_H 1
| #define HAVE_SYS_STAT_H 1
| #define HAVE_STDLIB_H 1
| #define HAVE_STRING_H 1
| #define HAVE_MEMORY_H 1
| #define HAVE_STRINGS_H 1
| #define HAVE_INTTYPES_H 1
| #define HAVE_STDINT_H 1
| #define HAVE_UNISTD_H 1
| /* end confdefs.h.  */
| 
| /* Override any GCC internal prototype to avoid an error.
|    Use char because int might match the return type of a GCC
|    builtin and then its argument prototype would still apply.  */
| #ifdef __cplusplus
| extern "C"
| #endif
| char readline ();
| int
| main ()
| {
| return readline ();
|   ;
|   return 0;
| }
configure:5530: result: no
configure:5621: checking float.h usability
configure:5621: gcc -c -O3 -DNDEBUG -std=c99 -pedantic   conftest.c >&5
configure:5621: $? = 0
configure:5621: result: yes
configure:5621: checking float.h presence
configure:5621: gcc -E  conftest.c
configure:5621: $? = 0
configure:5621: result: yes
configure:5621: checking for float.h
configure:5621: result: yes
configure:5621: checking limits.h usability
configure:5621: gcc -c -O3 -DNDEBUG -std=c99 -pedantic   conftest.c >&5
configure:5621: $? = 0
configure:5621: result: yes
configure:5621: checking limits.h presence
configure:5621: gcc -E  conftest.c
configure:5621: $? = 0
configure:5621: result: yes
configure:5621: checking for limits.h
configure:5621: result: yes
configure:5621: checking for memory.h
configure:5621: result: yes
configure:5621: checking for stdlib.h
configure:5621: result: yes
configure:5621: checking for string.h
configure:5621: result: yes
configure:5633: checking for size_t
configure:5633: gcc -c -O3 -DNDEBUG -std=c99 -pedantic   conftest.c >&5
configure:5633: $? = 0
configure:5633: gcc -c -O3 -DNDEBUG -std=c99 -pedantic   conftest.c >&5
conftest.c: In function 'main':
conftest.c:65:21: error: expected expression before ')' token
 if (sizeof ((size_t)))
                     ^
configure:5633: $? = 1
configure: failed program was:
| /* confdefs.h */
| #define PACKAGE_NAME "MrBayes"
| #define PACKAGE_TARNAME "mrbayes"
| #define PACKAGE_VERSION "3.2.7a"
| #define PACKAGE_STRING "MrBayes 3.2.7a"
| #define PACKAGE_BUGREPORT ""
| #define PACKAGE_URL ""
| #define PACKAGE "mrbayes"
| #define VERSION "3.2.7a"
| #define HOST_TYPE "x86_64-unknown-linux-gnu"
| #define HOST_CPU "x86_64"
| #define HAVE_LIBM 1
| #define STDC_HEADERS 1
| #define HAVE_SYS_TYPES_H 1
| #define HAVE_SYS_STAT_H 1
| #define HAVE_STDLIB_H 1
| #define HAVE_STRING_H 1
| #define HAVE_MEMORY_H 1
| #define HAVE_STRINGS_H 1
| #define HAVE_INTTYPES_H 1
| #define HAVE_STDINT_H 1
| #define HAVE_UNISTD_H 1
| #define HAVE_FLOAT_H 1
| #define HAVE_LIMITS_H 1
| #define HAVE_MEMORY_H 1
| #define HAVE_STDLIB_H 1
| #define HAVE_STRING_H 1
| /* end confdefs.h.  */
| #include <stdio.h>
| #ifdef HAVE_SYS_TYPES_H
| # include <sys/types.h>
| #endif
| #ifdef HAVE_SYS_STAT_H
| # include <sys/stat.h>
| #endif
| #ifdef STDC_HEADERS
| # include <stdlib.h>
| # include <stddef.h>
| #else
| # ifdef HAVE_STDLIB_H
| #  include <stdlib.h>
| # endif
| #endif
| #ifdef HAVE_STRING_H
| # if !defined STDC_HEADERS && defined HAVE_MEMORY_H
| #  include <memory.h>
| # endif
| # include <string.h>
| #endif
| #ifdef HAVE_STRINGS_H
| # include <strings.h>
| #endif
| #ifdef HAVE_INTTYPES_H
| # include <inttypes.h>
| #endif
| #ifdef HAVE_STDINT_H
| # include <stdint.h>
| #endif
| #ifdef HAVE_UNISTD_H
| # include <unistd.h>
| #endif
| int
| main ()
| {
| if (sizeof ((size_t)))
| 	    return 0;
|   ;
|   return 0;
| }
configure:5633: result: yes
configure:5644: checking for stdbool.h that conforms to C99
configure:5711: gcc -c -O3 -DNDEBUG -std=c99 -pedantic   conftest.c >&5
configure:5711: $? = 0
configure:5718: result: yes
configure:5720: checking for _Bool
configure:5720: gcc -c -O3 -DNDEBUG -std=c99 -pedantic   conftest.c >&5
configure:5720: $? = 0
configure:5720: gcc -c -O3 -DNDEBUG -std=c99 -pedantic   conftest.c >&5
conftest.c: In function 'main':
conftest.c:65:20: error: expected expression before ')' token
 if (sizeof ((_Bool)))
                    ^
configure:5720: $? = 1
configure: failed program was:
| /* confdefs.h */
| #define PACKAGE_NAME "MrBayes"
| #define PACKAGE_TARNAME "mrbayes"
| #define PACKAGE_VERSION "3.2.7a"
| #define PACKAGE_STRING "MrBayes 3.2.7a"
| #define PACKAGE_BUGREPORT ""
| #define PACKAGE_URL ""
| #define PACKAGE "mrbayes"
| #define VERSION "3.2.7a"
| #define HOST_TYPE "x86_64-unknown-linux-gnu"
| #define HOST_CPU "x86_64"
| #define HAVE_LIBM 1
| #define STDC_HEADERS 1
| #define HAVE_SYS_TYPES_H 1
| #define HAVE_SYS_STAT_H 1
| #define HAVE_STDLIB_H 1
| #define HAVE_STRING_H 1
| #define HAVE_MEMORY_H 1
| #define HAVE_STRINGS_H 1
| #define HAVE_INTTYPES_H 1
| #define HAVE_STDINT_H 1
| #define HAVE_UNISTD_H 1
| #define HAVE_FLOAT_H 1
| #define HAVE_LIMITS_H 1
| #define HAVE_MEMORY_H 1
| #define HAVE_STDLIB_H 1
| #define HAVE_STRING_H 1
| /* end confdefs.h.  */
| #include <stdio.h>
| #ifdef HAVE_SYS_TYPES_H
| # include <sys/types.h>
| #endif
| #ifdef HAVE_SYS_STAT_H
| # include <sys/stat.h>
| #endif
| #ifdef STDC_HEADERS
| # include <stdlib.h>
| # include <stddef.h>
| #else
| # ifdef HAVE_STDLIB_H
| #  include <stdlib.h>
| # endif
| #endif
| #ifdef HAVE_STRING_H
| # if !defined STDC_HEADERS && defined HAVE_MEMORY_H
| #  include <memory.h>
| # endif
| # include <string.h>
| #endif
| #ifdef HAVE_STRINGS_H
| # include <strings.h>
| #endif
| #ifdef HAVE_INTTYPES_H
| # include <inttypes.h>
| #endif
| #ifdef HAVE_STDINT_H
| # include <stdint.h>
| #endif
| #ifdef HAVE_UNISTD_H
| # include <unistd.h>
| #endif
| int
| main ()
| {
| if (sizeof ((_Bool)))
| 	    return 0;
|   ;
|   return 0;
| }
configure:5720: result: yes
configure:5733: checking for C compiler vendor
configure:5781: gcc -c -O3 -DNDEBUG -std=c99 -pedantic   conftest.c >&5
conftest.c: In function 'main':
conftest.c:36:9: error: 'thisisanerror' undeclared (first use in this function)
         thisisanerror;
         ^~~~~~~~~~~~~
conftest.c:36:9: note: each undeclared identifier is reported only once for each function it appears in
configure:5781: $? = 1
configure: failed program was:
| /* confdefs.h */
| #define PACKAGE_NAME "MrBayes"
| #define PACKAGE_TARNAME "mrbayes"
| #define PACKAGE_VERSION "3.2.7a"
| #define PACKAGE_STRING "MrBayes 3.2.7a"
| #define PACKAGE_BUGREPORT ""
| #define PACKAGE_URL ""
| #define PACKAGE "mrbayes"
| #define VERSION "3.2.7a"
| #define HOST_TYPE "x86_64-unknown-linux-gnu"
| #define HOST_CPU "x86_64"
| #define HAVE_LIBM 1
| #define STDC_HEADERS 1
| #define HAVE_SYS_TYPES_H 1
| #define HAVE_SYS_STAT_H 1
| #define HAVE_STDLIB_H 1
| #define HAVE_STRING_H 1
| #define HAVE_MEMORY_H 1
| #define HAVE_STRINGS_H 1
| #define HAVE_INTTYPES_H 1
| #define HAVE_STDINT_H 1
| #define HAVE_UNISTD_H 1
| #define HAVE_FLOAT_H 1
| #define HAVE_LIMITS_H 1
| #define HAVE_MEMORY_H 1
| #define HAVE_STDLIB_H 1
| #define HAVE_STRING_H 1
| #define HAVE__BOOL 1
| /* end confdefs.h.  */
| 
| int
| main ()
| {
| 
|       #if !(defined(__ICC) || defined(__ECC) || defined(__INTEL_COMPILER))
|         thisisanerror;
|       #endif
| 
|   ;
|   return 0;
| }
configure:5781: gcc -c -O3 -DNDEBUG -std=c99 -pedantic   conftest.c >&5
conftest.c: In function 'main':
conftest.c:36:9: error: 'thisisanerror' undeclared (first use in this function)
         thisisanerror;
         ^~~~~~~~~~~~~
conftest.c:36:9: note: each undeclared identifier is reported only once for each function it appears in
configure:5781: $? = 1
configure: failed program was:
| /* confdefs.h */
| #define PACKAGE_NAME "MrBayes"
| #define PACKAGE_TARNAME "mrbayes"
| #define PACKAGE_VERSION "3.2.7a"
| #define PACKAGE_STRING "MrBayes 3.2.7a"
| #define PACKAGE_BUGREPORT ""
| #define PACKAGE_URL ""
| #define PACKAGE "mrbayes"
| #define VERSION "3.2.7a"
| #define HOST_TYPE "x86_64-unknown-linux-gnu"
| #define HOST_CPU "x86_64"
| #define HAVE_LIBM 1
| #define STDC_HEADERS 1
| #define HAVE_SYS_TYPES_H 1
| #define HAVE_SYS_STAT_H 1
| #define HAVE_STDLIB_H 1
| #define HAVE_STRING_H 1
| #define HAVE_MEMORY_H 1
| #define HAVE_STRINGS_H 1
| #define HAVE_INTTYPES_H 1
| #define HAVE_STDINT_H 1
| #define HAVE_UNISTD_H 1
| #define HAVE_FLOAT_H 1
| #define HAVE_LIMITS_H 1
| #define HAVE_MEMORY_H 1
| #define HAVE_STDLIB_H 1
| #define HAVE_STRING_H 1
| #define HAVE__BOOL 1
| /* end confdefs.h.  */
| 
| int
| main ()
| {
| 
|       #if !(defined(__xlc__) || defined(__xlC__) || defined(__IBMC__) || defined(__IBMCPP__))
|         thisisanerror;
|       #endif
| 
|   ;
|   return 0;
| }
configure:5781: gcc -c -O3 -DNDEBUG -std=c99 -pedantic   conftest.c >&5
conftest.c: In function 'main':
conftest.c:36:9: error: 'thisisanerror' undeclared (first use in this function)
         thisisanerror;
         ^~~~~~~~~~~~~
conftest.c:36:9: note: each undeclared identifier is reported only once for each function it appears in
configure:5781: $? = 1
configure: failed program was:
| /* confdefs.h */
| #define PACKAGE_NAME "MrBayes"
| #define PACKAGE_TARNAME "mrbayes"
| #define PACKAGE_VERSION "3.2.7a"
| #define PACKAGE_STRING "MrBayes 3.2.7a"
| #define PACKAGE_BUGREPORT ""
| #define PACKAGE_URL ""
| #define PACKAGE "mrbayes"
| #define VERSION "3.2.7a"
| #define HOST_TYPE "x86_64-unknown-linux-gnu"
| #define HOST_CPU "x86_64"
| #define HAVE_LIBM 1
| #define STDC_HEADERS 1
| #define HAVE_SYS_TYPES_H 1
| #define HAVE_SYS_STAT_H 1
| #define HAVE_STDLIB_H 1
| #define HAVE_STRING_H 1
| #define HAVE_MEMORY_H 1
| #define HAVE_STRINGS_H 1
| #define HAVE_INTTYPES_H 1
| #define HAVE_STDINT_H 1
| #define HAVE_UNISTD_H 1
| #define HAVE_FLOAT_H 1
| #define HAVE_LIMITS_H 1
| #define HAVE_MEMORY_H 1
| #define HAVE_STDLIB_H 1
| #define HAVE_STRING_H 1
| #define HAVE__BOOL 1
| /* end confdefs.h.  */
| 
| int
| main ()
| {
| 
|       #if !(defined(__PATHCC__) || defined(__PATHSCALE__))
|         thisisanerror;
|       #endif
| 
|   ;
|   return 0;
| }
configure:5781: gcc -c -O3 -DNDEBUG -std=c99 -pedantic   conftest.c >&5
conftest.c: In function 'main':
conftest.c:36:9: error: 'thisisanerror' undeclared (first use in this function)
         thisisanerror;
         ^~~~~~~~~~~~~
conftest.c:36:9: note: each undeclared identifier is reported only once for each function it appears in
configure:5781: $? = 1
configure: failed program was:
| /* confdefs.h */
| #define PACKAGE_NAME "MrBayes"
| #define PACKAGE_TARNAME "mrbayes"
| #define PACKAGE_VERSION "3.2.7a"
| #define PACKAGE_STRING "MrBayes 3.2.7a"
| #define PACKAGE_BUGREPORT ""
| #define PACKAGE_URL ""
| #define PACKAGE "mrbayes"
| #define VERSION "3.2.7a"
| #define HOST_TYPE "x86_64-unknown-linux-gnu"
| #define HOST_CPU "x86_64"
| #define HAVE_LIBM 1
| #define STDC_HEADERS 1
| #define HAVE_SYS_TYPES_H 1
| #define HAVE_SYS_STAT_H 1
| #define HAVE_STDLIB_H 1
| #define HAVE_STRING_H 1
| #define HAVE_MEMORY_H 1
| #define HAVE_STRINGS_H 1
| #define HAVE_INTTYPES_H 1
| #define HAVE_STDINT_H 1
| #define HAVE_UNISTD_H 1
| #define HAVE_FLOAT_H 1
| #define HAVE_LIMITS_H 1
| #define HAVE_MEMORY_H 1
| #define HAVE_STDLIB_H 1
| #define HAVE_STRING_H 1
| #define HAVE__BOOL 1
| /* end confdefs.h.  */
| 
| int
| main ()
| {
| 
|       #if !(defined(__clang__))
|         thisisanerror;
|       #endif
| 
|   ;
|   return 0;
| }
configure:5781: gcc -c -O3 -DNDEBUG -std=c99 -pedantic   conftest.c >&5
conftest.c: In function 'main':
conftest.c:36:9: error: 'thisisanerror' undeclared (first use in this function)
         thisisanerror;
         ^~~~~~~~~~~~~
conftest.c:36:9: note: each undeclared identifier is reported only once for each function it appears in
configure:5781: $? = 1
configure: failed program was:
| /* confdefs.h */
| #define PACKAGE_NAME "MrBayes"
| #define PACKAGE_TARNAME "mrbayes"
| #define PACKAGE_VERSION "3.2.7a"
| #define PACKAGE_STRING "MrBayes 3.2.7a"
| #define PACKAGE_BUGREPORT ""
| #define PACKAGE_URL ""
| #define PACKAGE "mrbayes"
| #define VERSION "3.2.7a"
| #define HOST_TYPE "x86_64-unknown-linux-gnu"
| #define HOST_CPU "x86_64"
| #define HAVE_LIBM 1
| #define STDC_HEADERS 1
| #define HAVE_SYS_TYPES_H 1
| #define HAVE_SYS_STAT_H 1
| #define HAVE_STDLIB_H 1
| #define HAVE_STRING_H 1
| #define HAVE_MEMORY_H 1
| #define HAVE_STRINGS_H 1
| #define HAVE_INTTYPES_H 1
| #define HAVE_STDINT_H 1
| #define HAVE_UNISTD_H 1
| #define HAVE_FLOAT_H 1
| #define HAVE_LIMITS_H 1
| #define HAVE_MEMORY_H 1
| #define HAVE_STDLIB_H 1
| #define HAVE_STRING_H 1
| #define HAVE__BOOL 1
| /* end confdefs.h.  */
| 
| int
| main ()
| {
| 
|       #if !(defined(_CRAYC))
|         thisisanerror;
|       #endif
| 
|   ;
|   return 0;
| }
configure:5781: gcc -c -O3 -DNDEBUG -std=c99 -pedantic   conftest.c >&5
conftest.c: In function 'main':
conftest.c:36:9: error: 'thisisanerror' undeclared (first use in this function)
         thisisanerror;
         ^~~~~~~~~~~~~
conftest.c:36:9: note: each undeclared identifier is reported only once for each function it appears in
configure:5781: $? = 1
configure: failed program was:
| /* confdefs.h */
| #define PACKAGE_NAME "MrBayes"
| #define PACKAGE_TARNAME "mrbayes"
| #define PACKAGE_VERSION "3.2.7a"
| #define PACKAGE_STRING "MrBayes 3.2.7a"
| #define PACKAGE_BUGREPORT ""
| #define PACKAGE_URL ""
| #define PACKAGE "mrbayes"
| #define VERSION "3.2.7a"
| #define HOST_TYPE "x86_64-unknown-linux-gnu"
| #define HOST_CPU "x86_64"
| #define HAVE_LIBM 1
| #define STDC_HEADERS 1
| #define HAVE_SYS_TYPES_H 1
| #define HAVE_SYS_STAT_H 1
| #define HAVE_STDLIB_H 1
| #define HAVE_STRING_H 1
| #define HAVE_MEMORY_H 1
| #define HAVE_STRINGS_H 1
| #define HAVE_INTTYPES_H 1
| #define HAVE_STDINT_H 1
| #define HAVE_UNISTD_H 1
| #define HAVE_FLOAT_H 1
| #define HAVE_LIMITS_H 1
| #define HAVE_MEMORY_H 1
| #define HAVE_STDLIB_H 1
| #define HAVE_STRING_H 1
| #define HAVE__BOOL 1
| /* end confdefs.h.  */
| 
| int
| main ()
| {
| 
|       #if !(defined(__FUJITSU))
|         thisisanerror;
|       #endif
| 
|   ;
|   return 0;
| }
configure:5781: gcc -c -O3 -DNDEBUG -std=c99 -pedantic   conftest.c >&5
conftest.c: In function 'main':
conftest.c:35:38: error: operator "defined" requires an identifier
       #if !(defined(SDCC) || defined())
                                      ^
conftest.c:36:9: error: 'thisisanerror' undeclared (first use in this function)
         thisisanerror;
         ^~~~~~~~~~~~~
conftest.c:36:9: note: each undeclared identifier is reported only once for each function it appears in
configure:5781: $? = 1
configure: failed program was:
| /* confdefs.h */
| #define PACKAGE_NAME "MrBayes"
| #define PACKAGE_TARNAME "mrbayes"
| #define PACKAGE_VERSION "3.2.7a"
| #define PACKAGE_STRING "MrBayes 3.2.7a"
| #define PACKAGE_BUGREPORT ""
| #define PACKAGE_URL ""
| #define PACKAGE "mrbayes"
| #define VERSION "3.2.7a"
| #define HOST_TYPE "x86_64-unknown-linux-gnu"
| #define HOST_CPU "x86_64"
| #define HAVE_LIBM 1
| #define STDC_HEADERS 1
| #define HAVE_SYS_TYPES_H 1
| #define HAVE_SYS_STAT_H 1
| #define HAVE_STDLIB_H 1
| #define HAVE_STRING_H 1
| #define HAVE_MEMORY_H 1
| #define HAVE_STRINGS_H 1
| #define HAVE_INTTYPES_H 1
| #define HAVE_STDINT_H 1
| #define HAVE_UNISTD_H 1
| #define HAVE_FLOAT_H 1
| #define HAVE_LIMITS_H 1
| #define HAVE_MEMORY_H 1
| #define HAVE_STDLIB_H 1
| #define HAVE_STRING_H 1
| #define HAVE__BOOL 1
| /* end confdefs.h.  */
| 
| int
| main ()
| {
| 
|       #if !(defined(SDCC) || defined())
|         thisisanerror;
|       #endif
| 
|   ;
|   return 0;
| }
configure:5781: gcc -c -O3 -DNDEBUG -std=c99 -pedantic   conftest.c >&5
conftest.c: In function 'main':
conftest.c:36:9: error: 'thisisanerror' undeclared (first use in this function)
         thisisanerror;
         ^~~~~~~~~~~~~
conftest.c:36:9: note: each undeclared identifier is reported only once for each function it appears in
configure:5781: $? = 1
configure: failed program was:
| /* confdefs.h */
| #define PACKAGE_NAME "MrBayes"
| #define PACKAGE_TARNAME "mrbayes"
| #define PACKAGE_VERSION "3.2.7a"
| #define PACKAGE_STRING "MrBayes 3.2.7a"
| #define PACKAGE_BUGREPORT ""
| #define PACKAGE_URL ""
| #define PACKAGE "mrbayes"
| #define VERSION "3.2.7a"
| #define HOST_TYPE "x86_64-unknown-linux-gnu"
| #define HOST_CPU "x86_64"
| #define HAVE_LIBM 1
| #define STDC_HEADERS 1
| #define HAVE_SYS_TYPES_H 1
| #define HAVE_SYS_STAT_H 1
| #define HAVE_STDLIB_H 1
| #define HAVE_STRING_H 1
| #define HAVE_MEMORY_H 1
| #define HAVE_STRINGS_H 1
| #define HAVE_INTTYPES_H 1
| #define HAVE_STDINT_H 1
| #define HAVE_UNISTD_H 1
| #define HAVE_FLOAT_H 1
| #define HAVE_LIMITS_H 1
| #define HAVE_MEMORY_H 1
| #define HAVE_STDLIB_H 1
| #define HAVE_STRING_H 1
| #define HAVE__BOOL 1
| /* end confdefs.h.  */
| 
| int
| main ()
| {
| 
|       #if !(defined(__SDCC))
|         thisisanerror;
|       #endif
| 
|   ;
|   return 0;
| }
configure:5781: gcc -c -O3 -DNDEBUG -std=c99 -pedantic   conftest.c >&5
configure:5781: $? = 0
configure:5789: result: gnu
configure:5792: checking for a sed that does not truncate output
configure:5856: result: /bin/sed
configure:5863: checking for C compiler version
configure:6085: gcc -o conftest -O3 -DNDEBUG -std=c99 -pedantic    conftest.c -lm  >&5
configure:6085: $? = 0
configure:6085: ./conftest
configure:6085: $? = 0
configure:6094: gcc -o conftest -O3 -DNDEBUG -std=c99 -pedantic    conftest.c -lm  >&5
configure:6094: $? = 0
configure:6094: ./conftest
configure:6094: $? = 0
configure:6103: gcc -o conftest -O3 -DNDEBUG -std=c99 -pedantic    conftest.c -lm  >&5
configure:6103: $? = 0
configure:6103: ./conftest
configure:6103: $? = 0
configure:6820: result: 7.5.0
configure:6842: checking CFLAGS for maximum warnings
configure:6862: gcc -c -O3 -DNDEBUG -std=c99 -pedantic  -warn all  -warn all  conftest.c >&5
gcc: error: all: No such file or directory
gcc: error: all: No such file or directory
gcc: error: unrecognized command line option '-warn'; did you mean '--warn-'?
gcc: error: unrecognized command line option '-warn'; did you mean '--warn-'?
configure:6862: $? = 1
configure: failed program was:
| /* confdefs.h */
| #define PACKAGE_NAME "MrBayes"
| #define PACKAGE_TARNAME "mrbayes"
| #define PACKAGE_VERSION "3.2.7a"
| #define PACKAGE_STRING "MrBayes 3.2.7a"
| #define PACKAGE_BUGREPORT ""
| #define PACKAGE_URL ""
| #define PACKAGE "mrbayes"
| #define VERSION "3.2.7a"
| #define HOST_TYPE "x86_64-unknown-linux-gnu"
| #define HOST_CPU "x86_64"
| #define HAVE_LIBM 1
| #define STDC_HEADERS 1
| #define HAVE_SYS_TYPES_H 1
| #define HAVE_SYS_STAT_H 1
| #define HAVE_STDLIB_H 1
| #define HAVE_STRING_H 1
| #define HAVE_MEMORY_H 1
| #define HAVE_STRINGS_H 1
| #define HAVE_INTTYPES_H 1
| #define HAVE_STDINT_H 1
| #define HAVE_UNISTD_H 1
| #define HAVE_FLOAT_H 1
| #define HAVE_LIMITS_H 1
| #define HAVE_MEMORY_H 1
| #define HAVE_STDLIB_H 1
| #define HAVE_STRING_H 1
| #define HAVE__BOOL 1
| #define COMPILER_VENDOR "gnu"
| #define COMPILER_VERSION "7.5.0"
| /* end confdefs.h.  */
| 
| int
| main ()
| {
| 
|   ;
|   return 0;
| }
configure:6862: gcc -c -O3 -DNDEBUG -std=c99 -pedantic  -pedantic  -Wall  conftest.c >&5
configure:6862: $? = 0
configure:6870: result: -Wall
configure:6890: : CFLAGS="$CFLAGS"
configure:6893: $? = 0
configure:6928: checking for x86 cpuid  output
configure:6960: gcc -o conftest -O3 -DNDEBUG -std=c99 -pedantic  -Wall   conftest.c -lm  >&5
conftest.c: In function 'main':
conftest.c:37:15: error: expected expression before ',' token
      int op = , level = 0, eax, ebx, ecx, edx;
               ^
configure:6960: $? = 1
configure: program exited with status 1
configure: failed program was:
| /* confdefs.h */
| #define PACKAGE_NAME "MrBayes"
| #define PACKAGE_TARNAME "mrbayes"
| #define PACKAGE_VERSION "3.2.7a"
| #define PACKAGE_STRING "MrBayes 3.2.7a"
| #define PACKAGE_BUGREPORT ""
| #define PACKAGE_URL ""
| #define PACKAGE "mrbayes"
| #define VERSION "3.2.7a"
| #define HOST_TYPE "x86_64-unknown-linux-gnu"
| #define HOST_CPU "x86_64"
| #define HAVE_LIBM 1
| #define STDC_HEADERS 1
| #define HAVE_SYS_TYPES_H 1
| #define HAVE_SYS_STAT_H 1
| #define HAVE_STDLIB_H 1
| #define HAVE_STRING_H 1
| #define HAVE_MEMORY_H 1
| #define HAVE_STRINGS_H 1
| #define HAVE_INTTYPES_H 1
| #define HAVE_STDINT_H 1
| #define HAVE_UNISTD_H 1
| #define HAVE_FLOAT_H 1
| #define HAVE_LIMITS_H 1
| #define HAVE_MEMORY_H 1
| #define HAVE_STDLIB_H 1
| #define HAVE_STRING_H 1
| #define HAVE__BOOL 1
| #define COMPILER_VENDOR "gnu"
| #define COMPILER_VERSION "7.5.0"
| /* end confdefs.h.  */
| #include <stdio.h>
| int
| main ()
| {
| 
|      int op = , level = 0, eax, ebx, ecx, edx;
|      FILE *f;
|       __asm__ __volatile__ ("xchg %%ebx, %1\n"
|         "cpuid\n"
|         "xchg %%ebx, %1\n"
|         : "=a" (eax), "=r" (ebx), "=c" (ecx), "=d" (edx)
|         : "a" (op), "2" (level));
| 
|      f = fopen("conftest_cpuid", "w"); if (!f) return 1;
|      fprintf(f, "%x:%x:%x:%x\n", eax, ebx, ecx, edx);
|      fclose(f);
|      return 0;
| 
|   ;
|   return 0;
| }
configure:6970: result: unknown
configure:6987: checking for x86-AVX xgetbv  output
configure:7017: gcc -o conftest -O3 -DNDEBUG -std=c99 -pedantic  -Wall   conftest.c -lm  >&5
conftest.c: In function 'main':
conftest.c:37:15: error: expected expression before ',' token
      int op = , eax, edx;
               ^
configure:7017: $? = 1
configure: program exited with status 1
configure: failed program was:
| /* confdefs.h */
| #define PACKAGE_NAME "MrBayes"
| #define PACKAGE_TARNAME "mrbayes"
| #define PACKAGE_VERSION "3.2.7a"
| #define PACKAGE_STRING "MrBayes 3.2.7a"
| #define PACKAGE_BUGREPORT ""
| #define PACKAGE_URL ""
| #define PACKAGE "mrbayes"
| #define VERSION "3.2.7a"
| #define HOST_TYPE "x86_64-unknown-linux-gnu"
| #define HOST_CPU "x86_64"
| #define HAVE_LIBM 1
| #define STDC_HEADERS 1
| #define HAVE_SYS_TYPES_H 1
| #define HAVE_SYS_STAT_H 1
| #define HAVE_STDLIB_H 1
| #define HAVE_STRING_H 1
| #define HAVE_MEMORY_H 1
| #define HAVE_STRINGS_H 1
| #define HAVE_INTTYPES_H 1
| #define HAVE_STDINT_H 1
| #define HAVE_UNISTD_H 1
| #define HAVE_FLOAT_H 1
| #define HAVE_LIMITS_H 1
| #define HAVE_MEMORY_H 1
| #define HAVE_STDLIB_H 1
| #define HAVE_STRING_H 1
| #define HAVE__BOOL 1
| #define COMPILER_VENDOR "gnu"
| #define COMPILER_VERSION "7.5.0"
| /* end confdefs.h.  */
| #include <stdio.h>
| int
| main ()
| {
| 
|      int op = , eax, edx;
|      FILE *f;
|       /* Opcodes for xgetbv */
|       __asm__ __volatile__ (".byte 0x0f, 0x01, 0xd0"
|         : "=a" (eax), "=d" (edx)
|         : "c" (op));
|      f = fopen("conftest_xgetbv", "w"); if (!f) return 1;
|      fprintf(f, "%x:%x\n", eax, edx);
|      fclose(f);
|      return 0;
| 
|   ;
|   return 0;
| }
configure:7027: result: unknown
configure:7227: checking for x86 cpuid 0x00000000 output
configure:7259: gcc -o conftest -O3 -DNDEBUG -std=c99 -pedantic  -Wall   conftest.c -lm  >&5
configure:7259: $? = 0
configure:7259: ./conftest
configure:7259: $? = 0
configure:7269: result: d:756e6547:6c65746e:49656e69
configure:7292: checking for x86 cpuid 0x80000000 output
configure:7324: gcc -o conftest -O3 -DNDEBUG -std=c99 -pedantic  -Wall   conftest.c -lm  >&5
configure:7324: $? = 0
configure:7324: ./conftest
configure:7324: $? = 0
configure:7334: result: 80000008:0:0:0
configure:7359: checking for x86 cpuid 0x00000001 output
configure:7391: gcc -o conftest -O3 -DNDEBUG -std=c99 -pedantic  -Wall   conftest.c -lm  >&5
configure:7391: $? = 0
configure:7391: ./conftest
configure:7391: $? = 0
configure:7401: result: 306e4:10800:deba220b:178bfbff
configure:7428: checking for x86 cpuid 0x00000007 output
configure:7460: gcc -o conftest -O3 -DNDEBUG -std=c99 -pedantic  -Wall   conftest.c -lm  >&5
configure:7460: $? = 0
configure:7460: ./conftest
configure:7460: $? = 0
configure:7470: result: 0:1:0:0
configure:7496: checking for x86 cpuid 0x80000001 output
configure:7528: gcc -o conftest -O3 -DNDEBUG -std=c99 -pedantic  -Wall   conftest.c -lm  >&5
configure:7528: $? = 0
configure:7528: ./conftest
configure:7528: $? = 0
configure:7538: result: 0:0:1:28100800
configure:7597: gcc -o conftest -O3 -DNDEBUG -std=c99 -pedantic  -Wall   conftest.c -lm  >&5
configure:7597: $? = 0
configure:7597: ./conftest
configure:7597: $? = 0
configure:7626: checking for x86-AVX xgetbv 0x00000000 output
configure:7656: gcc -o conftest -O3 -DNDEBUG -std=c99 -pedantic  -Wall   conftest.c -lm  >&5
configure:7656: $? = 0
configure:7656: ./conftest
configure:7656: $? = 0
configure:7666: result: 7:0
configure:7720: checking whether RDRND is supported by the processor
configure:7733: result: yes
configure:7737: checking whether RDRND is supported by the processor and OS
configure:7750: result: yes
configure:7755: checking whether C compiler accepts -mrdrnd
configure:7774: gcc -c -O3 -DNDEBUG -std=c99 -pedantic  -Wall  -mrdrnd  conftest.c >&5
configure:7774: $? = 0
configure:7783: result: yes
configure:7720: checking whether BMI1 is supported by the processor
configure:7733: result: no
configure:7720: checking whether BMI2 is supported by the processor
configure:7733: result: no
configure:7720: checking whether ADX is supported by the processor
configure:7733: result: no
configure:7720: checking whether MPX is supported by the processor
configure:7733: result: no
configure:7720: checking whether PREFETCHWT1 is supported by the processor
configure:7733: result: no
configure:7720: checking whether ABM is supported by the processor
configure:7733: result: no
configure:7720: checking whether MMX is supported by the processor
configure:7733: result: yes
configure:7737: checking whether MMX is supported by the processor and OS
configure:7750: result: yes
configure:7755: checking whether C compiler accepts -mmmx
configure:7774: gcc -c -O3 -DNDEBUG -std=c99 -pedantic  -Wall  -mmmx  conftest.c >&5
configure:7774: $? = 0
configure:7783: result: yes
configure:7720: checking whether SSE is supported by the processor
configure:7733: result: yes
configure:7737: checking whether SSE is supported by the processor and OS
configure:7750: result: yes
configure:7755: checking whether C compiler accepts -msse
configure:7774: gcc -c -O3 -DNDEBUG -std=c99 -pedantic  -Wall  -msse  conftest.c >&5
configure:7774: $? = 0
configure:7783: result: yes
configure:7720: checking whether SSE2 is supported by the processor
configure:7733: result: yes
configure:7737: checking whether SSE2 is supported by the processor and OS
configure:7750: result: yes
configure:7755: checking whether C compiler accepts -msse2
configure:7774: gcc -c -O3 -DNDEBUG -std=c99 -pedantic  -Wall  -msse2  conftest.c >&5
configure:7774: $? = 0
configure:7783: result: yes
configure:7720: checking whether SSE3 is supported by the processor
configure:7733: result: yes
configure:7737: checking whether SSE3 is supported by the processor and OS
configure:7750: result: yes
configure:7755: checking whether C compiler accepts -msse3
configure:7774: gcc -c -O3 -DNDEBUG -std=c99 -pedantic  -Wall  -msse3  conftest.c >&5
configure:7774: $? = 0
configure:7783: result: yes
configure:7720: checking whether SSSE3 is supported by the processor
configure:7733: result: yes
configure:7737: checking whether SSSE3 is supported by the processor and OS
configure:7750: result: yes
configure:7755: checking whether C compiler accepts -mssse3
configure:7774: gcc -c -O3 -DNDEBUG -std=c99 -pedantic  -Wall  -mssse3  conftest.c >&5
configure:7774: $? = 0
configure:7783: result: yes
configure:7720: checking whether SSE4.1 is supported by the processor
configure:7733: result: yes
configure:7737: checking whether SSE4.1 is supported by the processor and OS
configure:7750: result: yes
configure:7755: checking whether C compiler accepts -msse4.1
configure:7774: gcc -c -O3 -DNDEBUG -std=c99 -pedantic  -Wall  -msse4.1  conftest.c >&5
configure:7774: $? = 0
configure:7783: result: yes
configure:7720: checking whether SSE4.2 is supported by the processor
configure:7733: result: yes
configure:7737: checking whether SSE4.2 is supported by the processor and OS
configure:7750: result: yes
configure:7755: checking whether C compiler accepts -msse4.2
configure:7774: gcc -c -O3 -DNDEBUG -std=c99 -pedantic  -Wall  -msse4.2  conftest.c >&5
configure:7774: $? = 0
configure:7783: result: yes
configure:7720: checking whether SSE4a is supported by the processor
configure:7733: result: no
configure:7720: checking whether SHA is supported by the processor
configure:7733: result: no
configure:7720: checking whether AES is supported by the processor
configure:7733: result: yes
configure:7737: checking whether AES is supported by the processor and OS
configure:7750: result: yes
configure:7755: checking whether C compiler accepts -maes
configure:7774: gcc -c -O3 -DNDEBUG -std=c99 -pedantic  -Wall  -maes  conftest.c >&5
configure:7774: $? = 0
configure:7783: result: yes
configure:7720: checking whether AVX is supported by the processor
configure:7733: result: yes
configure:7737: checking whether AVX is supported by the processor and OS
configure:7750: result: yes
configure:7755: checking whether C compiler accepts -mavx
configure:7774: gcc -c -O3 -DNDEBUG -std=c99 -pedantic  -Wall  -mavx  conftest.c >&5
configure:7774: $? = 0
configure:7783: result: yes
configure:7720: checking whether FMA3 is supported by the processor
configure:7733: result: no
configure:7720: checking whether FMA4 is supported by the processor
configure:7733: result: no
configure:7720: checking whether XOP is supported by the processor
configure:7733: result: no
configure:7720: checking whether AVX2 is supported by the processor
configure:7733: result: no
configure:7720: checking whether AVX512-F is supported by the processor
configure:7733: result: no
configure:7720: checking whether AVX512-CD is supported by the processor
configure:7733: result: no
configure:7720: checking whether AVX512-PF is supported by the processor
configure:7733: result: no
configure:7720: checking whether AVX512-ER is supported by the processor
configure:7733: result: no
configure:7720: checking whether AVX512-VL is supported by the processor
configure:7733: result: no
configure:7720: checking whether AVX512-BW is supported by the processor
configure:7733: result: no
configure:7720: checking whether AVX512-DQ is supported by the processor
configure:7733: result: no
configure:7720: checking whether AVX512-IFMA is supported by the processor
configure:7733: result: no
configure:7720: checking whether AVX512-VBMI is supported by the processor
configure:7733: result: no
configure:7886: checking for floor
configure:7886: gcc -o conftest -O3 -DNDEBUG -std=c99 -pedantic  -Wall   conftest.c -lm  >&5
conftest.c:65:6: warning: conflicting types for built-in function 'floor' [-Wbuiltin-declaration-mismatch]
 char floor ();
      ^~~~~
configure:7886: $? = 0
configure:7886: result: yes
configure:7886: checking for memset
configure:7886: gcc -o conftest -O3 -DNDEBUG -std=c99 -pedantic  -Wall   conftest.c -lm  >&5
conftest.c:66:6: warning: conflicting types for built-in function 'memset' [-Wbuiltin-declaration-mismatch]
 char memset ();
      ^~~~~~
configure:7886: $? = 0
configure:7886: result: yes
configure:7886: checking for pow
configure:7886: gcc -o conftest -O3 -DNDEBUG -std=c99 -pedantic  -Wall   conftest.c -lm  >&5
conftest.c:67:6: warning: conflicting types for built-in function 'pow' [-Wbuiltin-declaration-mismatch]
 char pow ();
      ^~~
configure:7886: $? = 0
configure:7886: result: yes
configure:7886: checking for sqrt
configure:7886: gcc -o conftest -O3 -DNDEBUG -std=c99 -pedantic  -Wall   conftest.c -lm  >&5
conftest.c:68:6: warning: conflicting types for built-in function 'sqrt' [-Wbuiltin-declaration-mismatch]
 char sqrt ();
      ^~~~
configure:7886: $? = 0
configure:7886: result: yes
configure:7886: checking for strchr
configure:7886: gcc -o conftest -O3 -DNDEBUG -std=c99 -pedantic  -Wall   conftest.c -lm  >&5
conftest.c:69:6: warning: conflicting types for built-in function 'strchr' [-Wbuiltin-declaration-mismatch]
 char strchr ();
      ^~~~~~
configure:7886: $? = 0
configure:7886: result: yes
configure:8007: checking that generated files are newer than configure
configure:8013: result: done
configure:8044: creating ./config.status

## ---------------------- ##
## Running config.status. ##
## ---------------------- ##

This file was extended by MrBayes config.status 3.2.7a, which was
generated by GNU Autoconf 2.69.  Invocation command line was

  CONFIG_FILES    = 
  CONFIG_HEADERS  = 
  CONFIG_LINKS    = 
  CONFIG_COMMANDS = 
  $ ./config.status 

on CDM-804

config.status:907: creating Makefile
config.status:907: creating doc/Makefile
config.status:907: creating doc/manual/Makefile
config.status:907: creating doc/tutorial/Makefile
config.status:907: creating examples/Makefile
config.status:907: creating src/Makefile
config.status:907: creating src/config.h
config.status:1136: executing depfiles commands

## ---------------- ##
## Cache variables. ##
## ---------------- ##

ac_cv_build=x86_64-unknown-linux-gnu
ac_cv_c_compiler_gnu=yes
ac_cv_cflags_warn_all=-Wall
ac_cv_env_BEAGLE_CFLAGS_set=
ac_cv_env_BEAGLE_CFLAGS_value=
ac_cv_env_BEAGLE_LIBS_set=
ac_cv_env_BEAGLE_LIBS_value=
ac_cv_env_CC_set=
ac_cv_env_CC_value=
ac_cv_env_CFLAGS_set=
ac_cv_env_CFLAGS_value=
ac_cv_env_CPPFLAGS_set=
ac_cv_env_CPPFLAGS_value=
ac_cv_env_CPP_set=
ac_cv_env_CPP_value=
ac_cv_env_LDFLAGS_set=
ac_cv_env_LDFLAGS_value=
ac_cv_env_LIBS_set=
ac_cv_env_LIBS_value=
ac_cv_env_MPICC_set=
ac_cv_env_MPICC_value=
ac_cv_env_PKG_CONFIG_LIBDIR_set=
ac_cv_env_PKG_CONFIG_LIBDIR_value=
ac_cv_env_PKG_CONFIG_PATH_set=
ac_cv_env_PKG_CONFIG_PATH_value=
ac_cv_env_PKG_CONFIG_set=
ac_cv_env_PKG_CONFIG_value=
ac_cv_env_build_alias_set=
ac_cv_env_build_alias_value=
ac_cv_env_host_alias_set=
ac_cv_env_host_alias_value=
ac_cv_env_target_alias_set=
ac_cv_env_target_alias_value=
ac_cv_func_floor=yes
ac_cv_func_memset=yes
ac_cv_func_pow=yes
ac_cv_func_sqrt=yes
ac_cv_func_strchr=yes
ac_cv_header_float_h=yes
ac_cv_header_inttypes_h=yes
ac_cv_header_limits_h=yes
ac_cv_header_memory_h=yes
ac_cv_header_stdbool_h=yes
ac_cv_header_stdc=yes
ac_cv_header_stdint_h=yes
ac_cv_header_stdlib_h=yes
ac_cv_header_string_h=yes
ac_cv_header_strings_h=yes
ac_cv_header_sys_stat_h=yes
ac_cv_header_sys_types_h=yes
ac_cv_header_unistd_h=yes
ac_cv_host=x86_64-unknown-linux-gnu
ac_cv_lib_hmsbeagle_beagleCreateInstance=no
ac_cv_lib_m_sqrt=yes
ac_cv_objext=o
ac_cv_path_EGREP='/bin/grep -E'
ac_cv_path_GREP=/bin/grep
ac_cv_path_SED=/bin/sed
ac_cv_path_install='/usr/bin/install -c'
ac_cv_path_mkdir=/bin/mkdir
ac_cv_prog_AWK=gawk
ac_cv_prog_CPP='gcc -E'
ac_cv_prog_ac_ct_CC=gcc
ac_cv_prog_cc_c89=
ac_cv_prog_cc_g=yes
ac_cv_prog_make_make_set=yes
ac_cv_type__Bool=yes
ac_cv_type_size_t=yes
am_cv_CC_dependencies_compiler_type=gcc3
am_cv_make_support_nested_variables=yes
am_cv_prog_cc_c_o=yes
ax_cv_c_compiler_vendor=gnu
ax_cv_c_compiler_version=7.5.0
ax_cv_check_cflags___maes=yes
ax_cv_check_cflags___mavx=yes
ax_cv_check_cflags___mmmx=yes
ax_cv_check_cflags___mrdrnd=yes
ax_cv_check_cflags___msse2=yes
ax_cv_check_cflags___msse3=yes
ax_cv_check_cflags___msse4_1=yes
ax_cv_check_cflags___msse4_2=yes
ax_cv_check_cflags___msse=yes
ax_cv_check_cflags___mssse3=yes
ax_cv_gcc_x86_avx_xgetbv_0x00000000=7:0
ax_cv_gcc_x86_avx_xgetbv_=unknown
ax_cv_gcc_x86_cpuid_0x00000000=d:756e6547:6c65746e:49656e69
ax_cv_gcc_x86_cpuid_0x00000001=306e4:10800:deba220b:178bfbff
ax_cv_gcc_x86_cpuid_0x00000007=0:1:0:0
ax_cv_gcc_x86_cpuid_0x80000000=80000008:0:0:0
ax_cv_gcc_x86_cpuid_0x80000001=0:0:1:28100800
ax_cv_gcc_x86_cpuid_=unknown
ax_cv_have_abm_cpu_ext=no
ax_cv_have_abm_ext=no
ax_cv_have_adx_cpu_ext=no
ax_cv_have_adx_ext=no
ax_cv_have_aes_cpu_ext=yes
ax_cv_have_aes_ext=yes
ax_cv_have_avx2_cpu_ext=no
ax_cv_have_avx2_ext=no
ax_cv_have_avx512_os_support_ext=no
ax_cv_have_avx512bw_cpu_ext=no
ax_cv_have_avx512bw_ext=no
ax_cv_have_avx512cd_cpu_ext=no
ax_cv_have_avx512cd_ext=no
ax_cv_have_avx512dq_cpu_ext=no
ax_cv_have_avx512dq_ext=no
ax_cv_have_avx512er_cpu_ext=no
ax_cv_have_avx512er_ext=no
ax_cv_have_avx512f_cpu_ext=no
ax_cv_have_avx512f_ext=no
ax_cv_have_avx512ifma_cpu_ext=no
ax_cv_have_avx512ifma_ext=no
ax_cv_have_avx512pf_cpu_ext=no
ax_cv_have_avx512pf_ext=no
ax_cv_have_avx512vbmi_cpu_ext=no
ax_cv_have_avx512vbmi_ext=no
ax_cv_have_avx512vl_cpu_ext=no
ax_cv_have_avx512vl_ext=no
ax_cv_have_avx_cpu_ext=yes
ax_cv_have_avx_ext=yes
ax_cv_have_avx_os_support_ext=yes
ax_cv_have_bmi1_cpu_ext=no
ax_cv_have_bmi1_ext=no
ax_cv_have_bmi2_cpu_ext=no
ax_cv_have_bmi2_ext=no
ax_cv_have_fma3_cpu_ext=no
ax_cv_have_fma3_ext=no
ax_cv_have_fma4_cpu_ext=no
ax_cv_have_fma4_ext=no
ax_cv_have_mmx_cpu_ext=yes
ax_cv_have_mmx_ext=yes
ax_cv_have_mmx_os_support_ext=yes
ax_cv_have_mpx_cpu_ext=no
ax_cv_have_mpx_ext=no
ax_cv_have_none_os_support_ext=yes
ax_cv_have_prefetchwt1_cpu_ext=no
ax_cv_have_prefetchwt1_ext=no
ax_cv_have_rdrnd_cpu_ext=yes
ax_cv_have_rdrnd_ext=yes
ax_cv_have_sha_cpu_ext=no
ax_cv_have_sha_ext=no
ax_cv_have_sse2_cpu_ext=yes
ax_cv_have_sse2_ext=yes
ax_cv_have_sse3_cpu_ext=yes
ax_cv_have_sse3_ext=yes
ax_cv_have_sse41_cpu_ext=yes
ax_cv_have_sse41_ext=yes
ax_cv_have_sse42_cpu_ext=yes
ax_cv_have_sse42_ext=yes
ax_cv_have_sse4a_cpu_ext=no
ax_cv_have_sse4a_ext=no
ax_cv_have_sse_cpu_ext=yes
ax_cv_have_sse_ext=yes
ax_cv_have_sse_os_support_ext=yes
ax_cv_have_ssse3_cpu_ext=yes
ax_cv_have_ssse3_ext=yes
ax_cv_have_xop_cpu_ext=no
ax_cv_have_xop_ext=no
ax_cv_lib_readline=no
ax_cv_support_abm_ext=no
ax_cv_support_adx_ext=no
ax_cv_support_aes_ext=yes
ax_cv_support_avx2_ext=no
ax_cv_support_avx512bw_ext=no
ax_cv_support_avx512cd_ext=no
ax_cv_support_avx512dq_ext=no
ax_cv_support_avx512er_ext=no
ax_cv_support_avx512f_ext=no
ax_cv_support_avx512ifma_ext=no
ax_cv_support_avx512pf_ext=no
ax_cv_support_avx512vbmi_ext=no
ax_cv_support_avx512vl_ext=no
ax_cv_support_avx_ext=yes
ax_cv_support_bmi1_ext=no
ax_cv_support_bmi2_ext=no
ax_cv_support_fma3_ext=no
ax_cv_support_fma4_ext=no
ax_cv_support_mmx_ext=yes
ax_cv_support_mpx_ext=no
ax_cv_support_prefetchwt1_ext=no
ax_cv_support_rdrnd_ext=yes
ax_cv_support_sha_ext=no
ax_cv_support_sse2_ext=yes
ax_cv_support_sse3_ext=yes
ax_cv_support_sse41_ext=yes
ax_cv_support_sse42_ext=yes
ax_cv_support_sse4a_ext=no
ax_cv_support_sse_ext=yes
ax_cv_support_ssse3_ext=yes
ax_cv_support_xop_ext=no

## ----------------- ##
## Output variables. ##
## ----------------- ##

ACLOCAL='${SHELL} /home/itsdlow/Desktop/PhyloTools/ForestTools-Linux/extra_tools/UNIX/MrBayes-3.2.7a/MrBayes-3.2.7a/am-aux/missing aclocal-1.15'
AMDEPBACKSLASH='\'
AMDEP_FALSE='#'
AMDEP_TRUE=''
AMTAR='$${TAR-tar}'
AM_BACKSLASH='\'
AM_DEFAULT_V='$(AM_DEFAULT_VERBOSITY)'
AM_DEFAULT_VERBOSITY='1'
AM_V='$(V)'
AUTOCONF='${SHELL} /home/itsdlow/Desktop/PhyloTools/ForestTools-Linux/extra_tools/UNIX/MrBayes-3.2.7a/MrBayes-3.2.7a/am-aux/missing autoconf'
AUTOHEADER='${SHELL} /home/itsdlow/Desktop/PhyloTools/ForestTools-Linux/extra_tools/UNIX/MrBayes-3.2.7a/MrBayes-3.2.7a/am-aux/missing autoheader'
AUTOMAKE='${SHELL} /home/itsdlow/Desktop/PhyloTools/ForestTools-Linux/extra_tools/UNIX/MrBayes-3.2.7a/MrBayes-3.2.7a/am-aux/missing automake-1.15'
AWK='gawk'
BEAGLE_CFLAGS=''
BEAGLE_LIBS=''
BIBTEX=''
BUILD_DOC_FALSE=''
BUILD_DOC_TRUE='#'
CC='gcc'
CCDEPMODE='depmode=gcc3'
CFLAGS='-O3 -DNDEBUG -std=c99 -pedantic  -Wall'
CPP='gcc -E'
CPPFLAGS=''
CPUEXT_FLAGS=' -mrdrnd'
CYGPATH_W='echo'
DEFS='-DHAVE_CONFIG_H'
DEPDIR='.deps'
ECHO_C=''
ECHO_N='-n'
ECHO_T=''
EGREP='/bin/grep -E'
EXEEXT=''
GREP='/bin/grep'
INSTALL_DATA='${INSTALL} -m 644'
INSTALL_PROGRAM='${INSTALL}'
INSTALL_SCRIPT='${INSTALL}'
INSTALL_STRIP_PROGRAM='$(install_sh) -c -s'
LDFLAGS=''
LIBOBJS=''
LIBS='-lm '
LTLIBOBJS=''
MAINT='#'
MAINTAINER_MODE_FALSE=''
MAINTAINER_MODE_TRUE='#'
MAKEINFO='${SHELL} /home/itsdlow/Desktop/PhyloTools/ForestTools-Linux/extra_tools/UNIX/MrBayes-3.2.7a/MrBayes-3.2.7a/am-aux/missing makeinfo'
MKDIR_P='/bin/mkdir -p'
MPICC=''
OBJEXT='o'
PACKAGE='mrbayes'
PACKAGE_BUGREPORT=''
PACKAGE_NAME='MrBayes'
PACKAGE_STRING='MrBayes 3.2.7a'
PACKAGE_TARNAME='mrbayes'
PACKAGE_URL=''
PACKAGE_VERSION='3.2.7a'
PATH_SEPARATOR=':'
PDFLATEX=''
PKG_CONFIG=''
PKG_CONFIG_LIBDIR=''
PKG_CONFIG_PATH=''
SED='/bin/sed'
SET_MAKE=''
SHELL='/bin/bash'
SIMD_FLAGS=' -mmmx -msse -msse2 -msse3 -mssse3 -msse4.1 -msse4.2 -maes -mavx'
STRIP=''
VERSION='3.2.7a'
ac_ct_CC='gcc'
am__EXEEXT_FALSE=''
am__EXEEXT_TRUE='#'
am__fastdepCC_FALSE='#'
am__fastdepCC_TRUE=''
am__include='include'
am__isrc=''
am__leading_dot='.'
am__nodep='_no'
am__quote=''
am__tar='$${TAR-tar} chof - "$$tardir"'
am__untar='$${TAR-tar} xf -'
bindir='${exec_prefix}/bin'
build='x86_64-unknown-linux-gnu'
build_alias=''
build_cpu='x86_64'
build_os='linux-gnu'
build_vendor='unknown'
datadir='${datarootdir}'
datarootdir='${prefix}/share'
docdir='${datarootdir}/doc/${PACKAGE_TARNAME}'
dvidir='${docdir}'
exec_prefix='${prefix}'
host='x86_64-unknown-linux-gnu'
host_alias=''
host_cpu='x86_64'
host_os='linux-gnu'
host_vendor='unknown'
htmldir='${docdir}'
includedir='${prefix}/include'
infodir='${datarootdir}/info'
install_sh='${SHELL} /home/itsdlow/Desktop/PhyloTools/ForestTools-Linux/extra_tools/UNIX/MrBayes-3.2.7a/MrBayes-3.2.7a/am-aux/install-sh'
libdir='${exec_prefix}/lib'
libexecdir='${exec_prefix}/libexec'
localedir='${datarootdir}/locale'
localstatedir='${prefix}/var'
mandir='${datarootdir}/man'
mkdir_p='$(MKDIR_P)'
oldincludedir='/usr/include'
pdfdir='${docdir}'
prefix='/usr/local'
program_transform_name='s,x,x,'
psdir='${docdir}'
sbindir='${exec_prefix}/sbin'
sharedstatedir='${prefix}/com'
sysconfdir='${prefix}/etc'
target_alias=''

## ----------- ##
## confdefs.h. ##
## ----------- ##

/* confdefs.h */
#define PACKAGE_NAME "MrBayes"
#define PACKAGE_TARNAME "mrbayes"
#define PACKAGE_VERSION "3.2.7a"
#define PACKAGE_STRING "MrBayes 3.2.7a"
#define PACKAGE_BUGREPORT ""
#define PACKAGE_URL ""
#define PACKAGE "mrbayes"
#define VERSION "3.2.7a"
#define HOST_TYPE "x86_64-unknown-linux-gnu"
#define HOST_CPU "x86_64"
#define HAVE_LIBM 1
#define STDC_HEADERS 1
#define HAVE_SYS_TYPES_H 1
#define HAVE_SYS_STAT_H 1
#define HAVE_STDLIB_H 1
#define HAVE_STRING_H 1
#define HAVE_MEMORY_H 1
#define HAVE_STRINGS_H 1
#define HAVE_INTTYPES_H 1
#define HAVE_STDINT_H 1
#define HAVE_UNISTD_H 1
#define HAVE_FLOAT_H 1
#define HAVE_LIMITS_H 1
#define HAVE_MEMORY_H 1
#define HAVE_STDLIB_H 1
#define HAVE_STRING_H 1
#define HAVE__BOOL 1
#define COMPILER_VENDOR "gnu"
#define COMPILER_VERSION "7.5.0"
#define HAVE_RDRND 1
#define HAVE_MMX 1
#define HAVE_SSE 1
#define HAVE_SSE2 1
#define HAVE_SSE3 1
#define HAVE_SSSE3 1
#define HAVE_SSE4_1 1
#define HAVE_SSE4_2 1
#define HAVE_AES 1
#define HAVE_AVX 1
#define HAVE_FLOOR 1
#define HAVE_MEMSET 1
#define HAVE_POW 1
#define HAVE_SQRT 1
#define HAVE_STRCHR 1

configure: exit 0
