This file contains any messages produced by compilers while
running configure, to aid debugging if configure makes a mistake.

It was created by FastME configure 2.1.5, which was
generated by GNU Autoconf 2.69.  Invocation command line was

  $ ./configure 

## --------- ##
## Platform. ##
## --------- ##

hostname = DLOWS-DESKTOP
uname -m = x86_64
uname -r = 4.15.0-60-generic
uname -s = Linux
uname -v = #67-Ubuntu SMP Thu Aug 22 16:55:30 UTC 2019

/usr/bin/uname -p = unknown
/bin/uname -X     = unknown

/bin/arch              = unknown
/usr/bin/arch -k       = unknown
/usr/convex/getsysinfo = unknown
/usr/bin/hostinfo      = unknown
/bin/machine           = unknown
/usr/bin/oslevel       = unknown
/bin/universe          = unknown

PATH: /usr/local/sbin
PATH: /usr/local/bin
PATH: /usr/sbin
PATH: /usr/bin
PATH: /sbin
PATH: /bin
PATH: /usr/games
PATH: /usr/local/games
PATH: /snap/bin


## ----------- ##
## Core tests. ##
## ----------- ##

configure:2263: checking for a BSD-compatible install
configure:2331: result: /usr/bin/install -c
configure:2342: checking whether build environment is sane
configure:2397: result: yes
configure:2548: checking for a thread-safe mkdir -p
configure:2587: result: /bin/mkdir -p
configure:2594: checking for gawk
configure:2610: found /usr/bin/gawk
configure:2621: result: gawk
configure:2632: checking whether make sets $(MAKE)
configure:2654: result: yes
configure:2683: checking whether make supports nested variables
configure:2700: result: yes
configure:2829: checking build system type
configure:2843: result: x86_64-unknown-linux-gnu
configure:2863: checking host system type
configure:2876: result: x86_64-unknown-linux-gnu
configure:2945: checking for gcc
configure:2961: found /usr/bin/gcc
configure:2972: result: gcc
configure:3201: checking for C compiler version
configure:3210: gcc --version >&5
gcc (Ubuntu 7.4.0-1ubuntu1~18.04.1) 7.4.0
Copyright (C) 2017 Free Software Foundation, Inc.
This is free software; see the source for copying conditions.  There is NO
warranty; not even for MERCHANTABILITY or FITNESS FOR A PARTICULAR PURPOSE.

configure:3221: $? = 0
configure:3210: gcc -v >&5
Using built-in specs.
COLLECT_GCC=gcc
COLLECT_LTO_WRAPPER=/usr/lib/gcc/x86_64-linux-gnu/7/lto-wrapper
OFFLOAD_TARGET_NAMES=nvptx-none
OFFLOAD_TARGET_DEFAULT=1
Target: x86_64-linux-gnu
Configured with: ../src/configure -v --with-pkgversion='Ubuntu 7.4.0-1ubuntu1~18.04.1' --with-bugurl=file:///usr/share/doc/gcc-7/README.Bugs --enable-languages=c,ada,c++,go,brig,d,fortran,objc,obj-c++ --prefix=/usr --with-gcc-major-version-only --program-suffix=-7 --program-prefix=x86_64-linux-gnu- --enable-shared --enable-linker-build-id --libexecdir=/usr/lib --without-included-gettext --enable-threads=posix --libdir=/usr/lib --enable-nls --with-sysroot=/ --enable-clocale=gnu --enable-libstdcxx-debug --enable-libstdcxx-time=yes --with-default-libstdcxx-abi=new --enable-gnu-unique-object --disable-vtable-verify --enable-libmpx --enable-plugin --enable-default-pie --with-system-zlib --with-target-system-zlib --enable-objc-gc=auto --enable-multiarch --disable-werror --with-arch-32=i686 --with-abi=m64 --with-multilib-list=m32,m64,mx32 --enable-multilib --with-tune=generic --enable-offload-targets=nvptx-none --without-cuda-driver --enable-checking=release --build=x86_64-linux-gnu --host=x86_64-linux-gnu --target=x86_64-linux-gnu
Thread model: posix
gcc version 7.4.0 (Ubuntu 7.4.0-1ubuntu1~18.04.1) 
configure:3221: $? = 0
configure:3210: gcc -V >&5
gcc: error: unrecognized command line option '-V'
gcc: fatal error: no input files
compilation terminated.
configure:3221: $? = 1
configure:3210: gcc -qversion >&5
gcc: error: unrecognized command line option '-qversion'; did you mean '--version'?
gcc: fatal error: no input files
compilation terminated.
configure:3221: $? = 1
configure:3241: checking whether the C compiler works
configure:3263: gcc    conftest.c  >&5
configure:3267: $? = 0
configure:3315: result: yes
configure:3318: checking for C compiler default output file name
configure:3320: result: a.out
configure:3326: checking for suffix of executables
configure:3333: gcc -o conftest    conftest.c  >&5
configure:3337: $? = 0
configure:3359: result: 
configure:3381: checking whether we are cross compiling
configure:3389: gcc -o conftest    conftest.c  >&5
configure:3393: $? = 0
configure:3400: ./conftest
configure:3404: $? = 0
configure:3419: result: no
configure:3424: checking for suffix of object files
configure:3446: gcc -c   conftest.c >&5
configure:3450: $? = 0
configure:3471: result: o
configure:3475: checking whether we are using the GNU C compiler
configure:3494: gcc -c   conftest.c >&5
configure:3494: $? = 0
configure:3503: result: yes
configure:3512: checking whether gcc accepts -g
configure:3532: gcc -c -g  conftest.c >&5
configure:3532: $? = 0
configure:3573: result: yes
configure:3590: checking for gcc option to accept ISO C89
configure:3653: gcc  -c -g -O2  conftest.c >&5
configure:3653: $? = 0
configure:3666: result: none needed
configure:3691: checking whether gcc understands -c and -o together
configure:3713: gcc -c conftest.c -o conftest2.o
configure:3716: $? = 0
configure:3713: gcc -c conftest.c -o conftest2.o
configure:3716: $? = 0
configure:3728: result: yes
configure:3756: checking for style of include used by make
configure:3784: result: GNU
configure:3810: checking dependency style of gcc
configure:3921: result: gcc3
configure:3938: checking for log in -lm
configure:3963: gcc -o conftest -g -O2   conftest.c -lm   >&5
conftest.c:18:6: warning: conflicting types for built-in function 'log' [-Wbuiltin-declaration-mismatch]
 char log ();
      ^~~
configure:3963: $? = 0
configure:3972: result: yes
configure:3989: checking how to run the C preprocessor
configure:4020: gcc -E  conftest.c
configure:4020: $? = 0
configure:4034: gcc -E  conftest.c
conftest.c:12:10: fatal error: ac_nonexistent.h: No such file or directory
 #include <ac_nonexistent.h>
          ^~~~~~~~~~~~~~~~~~
compilation terminated.
configure:4034: $? = 1
configure: failed program was:
| /* confdefs.h */
| #define PACKAGE_NAME "FastME"
| #define PACKAGE_TARNAME "fastme"
| #define PACKAGE_VERSION "2.1.5"
| #define PACKAGE_STRING "FastME 2.1.5"
| #define PACKAGE_BUGREPORT "lefort@lirmm.fr"
| #define PACKAGE_URL ""
| #define PACKAGE "fastme"
| #define VERSION "2.1.5"
| #define HAVE_LIBM 1
| /* end confdefs.h.  */
| #include <ac_nonexistent.h>
configure:4059: result: gcc -E
configure:4079: gcc -E  conftest.c
configure:4079: $? = 0
configure:4093: gcc -E  conftest.c
conftest.c:12:10: fatal error: ac_nonexistent.h: No such file or directory
 #include <ac_nonexistent.h>
          ^~~~~~~~~~~~~~~~~~
compilation terminated.
configure:4093: $? = 1
configure: failed program was:
| /* confdefs.h */
| #define PACKAGE_NAME "FastME"
| #define PACKAGE_TARNAME "fastme"
| #define PACKAGE_VERSION "2.1.5"
| #define PACKAGE_STRING "FastME 2.1.5"
| #define PACKAGE_BUGREPORT "lefort@lirmm.fr"
| #define PACKAGE_URL ""
| #define PACKAGE "fastme"
| #define VERSION "2.1.5"
| #define HAVE_LIBM 1
| /* end confdefs.h.  */
| #include <ac_nonexistent.h>
configure:4122: checking for grep that handles long lines and -e
configure:4180: result: /bin/grep
configure:4185: checking for egrep
configure:4247: result: /bin/grep -E
configure:4252: checking for ANSI C header files
configure:4272: gcc -c -g -O2  conftest.c >&5
configure:4272: $? = 0
configure:4345: gcc -o conftest -g -O2   conftest.c -lm  >&5
configure:4345: $? = 0
configure:4345: ./conftest
configure:4345: $? = 0
configure:4356: result: yes
configure:4369: checking for sys/types.h
configure:4369: gcc -c -g -O2  conftest.c >&5
configure:4369: $? = 0
configure:4369: result: yes
configure:4369: checking for sys/stat.h
configure:4369: gcc -c -g -O2  conftest.c >&5
configure:4369: $? = 0
configure:4369: result: yes
configure:4369: checking for stdlib.h
configure:4369: gcc -c -g -O2  conftest.c >&5
configure:4369: $? = 0
configure:4369: result: yes
configure:4369: checking for string.h
configure:4369: gcc -c -g -O2  conftest.c >&5
configure:4369: $? = 0
configure:4369: result: yes
configure:4369: checking for memory.h
configure:4369: gcc -c -g -O2  conftest.c >&5
configure:4369: $? = 0
configure:4369: result: yes
configure:4369: checking for strings.h
configure:4369: gcc -c -g -O2  conftest.c >&5
configure:4369: $? = 0
configure:4369: result: yes
configure:4369: checking for inttypes.h
configure:4369: gcc -c -g -O2  conftest.c >&5
configure:4369: $? = 0
configure:4369: result: yes
configure:4369: checking for stdint.h
configure:4369: gcc -c -g -O2  conftest.c >&5
configure:4369: $? = 0
configure:4369: result: yes
configure:4369: checking for unistd.h
configure:4369: gcc -c -g -O2  conftest.c >&5
configure:4369: $? = 0
configure:4369: result: yes
configure:4384: checking fcntl.h usability
configure:4384: gcc -c -g -O2  conftest.c >&5
configure:4384: $? = 0
configure:4384: result: yes
configure:4384: checking fcntl.h presence
configure:4384: gcc -E  conftest.c
configure:4384: $? = 0
configure:4384: result: yes
configure:4384: checking for fcntl.h
configure:4384: result: yes
configure:4384: checking float.h usability
configure:4384: gcc -c -g -O2  conftest.c >&5
configure:4384: $? = 0
configure:4384: result: yes
configure:4384: checking float.h presence
configure:4384: gcc -E  conftest.c
configure:4384: $? = 0
configure:4384: result: yes
configure:4384: checking for float.h
configure:4384: result: yes
configure:4384: checking for stdlib.h
configure:4384: result: yes
configure:4384: checking for string.h
configure:4384: result: yes
configure:4395: checking for stdbool.h that conforms to C99
configure:4462: gcc -c -g -O2  conftest.c >&5
configure:4462: $? = 0
configure:4469: result: yes
configure:4471: checking for _Bool
configure:4471: gcc -c -g -O2  conftest.c >&5
configure:4471: $? = 0
configure:4471: gcc -c -g -O2  conftest.c >&5
conftest.c: In function 'main':
conftest.c:62:20: error: expected expression before ')' token
 if (sizeof ((_Bool)))
                    ^
configure:4471: $? = 1
configure: failed program was:
| /* confdefs.h */
| #define PACKAGE_NAME "FastME"
| #define PACKAGE_TARNAME "fastme"
| #define PACKAGE_VERSION "2.1.5"
| #define PACKAGE_STRING "FastME 2.1.5"
| #define PACKAGE_BUGREPORT "lefort@lirmm.fr"
| #define PACKAGE_URL ""
| #define PACKAGE "fastme"
| #define VERSION "2.1.5"
| #define HAVE_LIBM 1
| #define STDC_HEADERS 1
| #define HAVE_SYS_TYPES_H 1
| #define HAVE_SYS_STAT_H 1
| #define HAVE_STDLIB_H 1
| #define HAVE_STRING_H 1
| #define HAVE_MEMORY_H 1
| #define HAVE_STRINGS_H 1
| #define HAVE_INTTYPES_H 1
| #define HAVE_STDINT_H 1
| #define HAVE_UNISTD_H 1
| #define HAVE_FCNTL_H 1
| #define HAVE_FLOAT_H 1
| #define HAVE_STDLIB_H 1
| #define HAVE_STRING_H 1
| /* end confdefs.h.  */
| #include <stdio.h>
| #ifdef HAVE_SYS_TYPES_H
| # include <sys/types.h>
| #endif
| #ifdef HAVE_SYS_STAT_H
| # include <sys/stat.h>
| #endif
| #ifdef STDC_HEADERS
| # include <stdlib.h>
| # include <stddef.h>
| #else
| # ifdef HAVE_STDLIB_H
| #  include <stdlib.h>
| # endif
| #endif
| #ifdef HAVE_STRING_H
| # if !defined STDC_HEADERS && defined HAVE_MEMORY_H
| #  include <memory.h>
| # endif
| # include <string.h>
| #endif
| #ifdef HAVE_STRINGS_H
| # include <strings.h>
| #endif
| #ifdef HAVE_INTTYPES_H
| # include <inttypes.h>
| #endif
| #ifdef HAVE_STDINT_H
| # include <stdint.h>
| #endif
| #ifdef HAVE_UNISTD_H
| # include <unistd.h>
| #endif
| int
| main ()
| {
| if (sizeof ((_Bool)))
| 	    return 0;
|   ;
|   return 0;
| }
configure:4471: result: yes
configure:4488: checking for size_t
configure:4488: gcc -c -g -O2  conftest.c >&5
configure:4488: $? = 0
configure:4488: gcc -c -g -O2  conftest.c >&5
conftest.c: In function 'main':
conftest.c:64:21: error: expected expression before ')' token
 if (sizeof ((size_t)))
                     ^
configure:4488: $? = 1
configure: failed program was:
| /* confdefs.h */
| #define PACKAGE_NAME "FastME"
| #define PACKAGE_TARNAME "fastme"
| #define PACKAGE_VERSION "2.1.5"
| #define PACKAGE_STRING "FastME 2.1.5"
| #define PACKAGE_BUGREPORT "lefort@lirmm.fr"
| #define PACKAGE_URL ""
| #define PACKAGE "fastme"
| #define VERSION "2.1.5"
| #define HAVE_LIBM 1
| #define STDC_HEADERS 1
| #define HAVE_SYS_TYPES_H 1
| #define HAVE_SYS_STAT_H 1
| #define HAVE_STDLIB_H 1
| #define HAVE_STRING_H 1
| #define HAVE_MEMORY_H 1
| #define HAVE_STRINGS_H 1
| #define HAVE_INTTYPES_H 1
| #define HAVE_STDINT_H 1
| #define HAVE_UNISTD_H 1
| #define HAVE_FCNTL_H 1
| #define HAVE_FLOAT_H 1
| #define HAVE_STDLIB_H 1
| #define HAVE_STRING_H 1
| #define HAVE__BOOL 1
| #define HAVE_STDBOOL_H 1
| /* end confdefs.h.  */
| #include <stdio.h>
| #ifdef HAVE_SYS_TYPES_H
| # include <sys/types.h>
| #endif
| #ifdef HAVE_SYS_STAT_H
| # include <sys/stat.h>
| #endif
| #ifdef STDC_HEADERS
| # include <stdlib.h>
| # include <stddef.h>
| #else
| # ifdef HAVE_STDLIB_H
| #  include <stdlib.h>
| # endif
| #endif
| #ifdef HAVE_STRING_H
| # if !defined STDC_HEADERS && defined HAVE_MEMORY_H
| #  include <memory.h>
| # endif
| # include <string.h>
| #endif
| #ifdef HAVE_STRINGS_H
| # include <strings.h>
| #endif
| #ifdef HAVE_INTTYPES_H
| # include <inttypes.h>
| #endif
| #ifdef HAVE_STDINT_H
| # include <stdint.h>
| #endif
| #ifdef HAVE_UNISTD_H
| # include <unistd.h>
| #endif
| int
| main ()
| {
| if (sizeof ((size_t)))
| 	    return 0;
|   ;
|   return 0;
| }
configure:4488: result: yes
configure:4502: checking for stdlib.h
configure:4502: result: yes
configure:4512: checking for GNU libc compatible malloc
configure:4536: gcc -o conftest -g -O2   conftest.c -lm  >&5
configure:4536: $? = 0
configure:4536: ./conftest
configure:4536: $? = 0
configure:4546: result: yes
configure:4569: checking for stdlib.h
configure:4569: result: yes
configure:4579: checking for GNU libc compatible realloc
configure:4603: gcc -o conftest -g -O2   conftest.c -lm  >&5
configure:4603: $? = 0
configure:4603: ./conftest
configure:4603: $? = 0
configure:4613: result: yes
configure:4637: checking for pow
configure:4637: gcc -o conftest -g -O2   conftest.c -lm  >&5
conftest.c:55:6: warning: conflicting types for built-in function 'pow' [-Wbuiltin-declaration-mismatch]
 char pow ();
      ^~~
configure:4637: $? = 0
configure:4637: result: yes
configure:4637: checking for sqrt
configure:4637: gcc -o conftest -g -O2   conftest.c -lm  >&5
conftest.c:56:6: warning: conflicting types for built-in function 'sqrt' [-Wbuiltin-declaration-mismatch]
 char sqrt ();
      ^~~~
configure:4637: $? = 0
configure:4637: result: yes
configure:4637: checking for strchr
configure:4637: gcc -o conftest -g -O2   conftest.c -lm  >&5
conftest.c:57:6: warning: conflicting types for built-in function 'strchr' [-Wbuiltin-declaration-mismatch]
 char strchr ();
      ^~~~~~
configure:4637: $? = 0
configure:4637: result: yes
configure:4637: checking for strstr
configure:4637: gcc -o conftest -g -O2   conftest.c -lm  >&5
conftest.c:58:6: warning: conflicting types for built-in function 'strstr' [-Wbuiltin-declaration-mismatch]
 char strstr ();
      ^~~~~~
configure:4637: $? = 0
configure:4637: result: yes
configure:4664: checking for OpenMP flag of C compiler
configure:4700: gcc -o conftest -ansi -pedantic -Wall -std=c99 -O2 -fomit-frame-pointer -fopenmp   conftest.c -lm  >&5
configure:4700: $? = 0
configure:4709: result: -fopenmp
configure:4841: checking that generated files are newer than configure
configure:4847: result: done
configure:4870: creating ./config.status

## ---------------------- ##
## Running config.status. ##
## ---------------------- ##

This file was extended by FastME config.status 2.1.5, which was
generated by GNU Autoconf 2.69.  Invocation command line was

  CONFIG_FILES    = 
  CONFIG_HEADERS  = 
  CONFIG_LINKS    = 
  CONFIG_COMMANDS = 
  $ ./config.status 

on DLOWS-DESKTOP

config.status:877: creating Makefile
config.status:877: creating src/Makefile
config.status:877: creating src/config.h
config.status:1106: executing depfiles commands

## ---------------- ##
## Cache variables. ##
## ---------------- ##

ac_cv_build=x86_64-unknown-linux-gnu
ac_cv_c_compiler_gnu=yes
ac_cv_env_CC_set=
ac_cv_env_CC_value=
ac_cv_env_CFLAGS_set=
ac_cv_env_CFLAGS_value=
ac_cv_env_CPPFLAGS_set=
ac_cv_env_CPPFLAGS_value=
ac_cv_env_CPP_set=
ac_cv_env_CPP_value=
ac_cv_env_LDFLAGS_set=
ac_cv_env_LDFLAGS_value=
ac_cv_env_LIBS_set=
ac_cv_env_LIBS_value=
ac_cv_env_build_alias_set=
ac_cv_env_build_alias_value=
ac_cv_env_host_alias_set=
ac_cv_env_host_alias_value=
ac_cv_env_target_alias_set=
ac_cv_env_target_alias_value=
ac_cv_func_malloc_0_nonnull=yes
ac_cv_func_pow=yes
ac_cv_func_realloc_0_nonnull=yes
ac_cv_func_sqrt=yes
ac_cv_func_strchr=yes
ac_cv_func_strstr=yes
ac_cv_header_fcntl_h=yes
ac_cv_header_float_h=yes
ac_cv_header_inttypes_h=yes
ac_cv_header_memory_h=yes
ac_cv_header_stdbool_h=yes
ac_cv_header_stdc=yes
ac_cv_header_stdint_h=yes
ac_cv_header_stdlib_h=yes
ac_cv_header_string_h=yes
ac_cv_header_strings_h=yes
ac_cv_header_sys_stat_h=yes
ac_cv_header_sys_types_h=yes
ac_cv_header_unistd_h=yes
ac_cv_host=x86_64-unknown-linux-gnu
ac_cv_lib_m_log=yes
ac_cv_objext=o
ac_cv_path_EGREP='/bin/grep -E'
ac_cv_path_GREP=/bin/grep
ac_cv_path_install='/usr/bin/install -c'
ac_cv_path_mkdir=/bin/mkdir
ac_cv_prog_AWK=gawk
ac_cv_prog_CPP='gcc -E'
ac_cv_prog_ac_ct_CC=gcc
ac_cv_prog_cc_c89=
ac_cv_prog_cc_g=yes
ac_cv_prog_make_make_set=yes
ac_cv_type__Bool=yes
ac_cv_type_size_t=yes
am_cv_CC_dependencies_compiler_type=gcc3
am_cv_make_support_nested_variables=yes
am_cv_prog_cc_c_o=yes
ax_cv_c_openmp=-fopenmp

## ----------------- ##
## Output variables. ##
## ----------------- ##

ACLOCAL='${SHELL} /home/itsdlow/Downloads/fastme-2.1.5/missing aclocal-1.14'
AMDEPBACKSLASH='\'
AMDEP_FALSE='#'
AMDEP_TRUE=''
AMTAR='$${TAR-tar}'
AM_BACKSLASH='\'
AM_DEFAULT_V='$(AM_DEFAULT_VERBOSITY)'
AM_DEFAULT_VERBOSITY='1'
AM_V='$(V)'
AUTOCONF='${SHELL} /home/itsdlow/Downloads/fastme-2.1.5/missing autoconf'
AUTOHEADER='${SHELL} /home/itsdlow/Downloads/fastme-2.1.5/missing autoheader'
AUTOMAKE='${SHELL} /home/itsdlow/Downloads/fastme-2.1.5/missing automake-1.14'
AWK='gawk'
CC='gcc'
CCDEPMODE='depmode=gcc3'
CFLAGS='-ansi -pedantic -Wall -std=c99 -O2 -fomit-frame-pointer -fopenmp'
CPP='gcc -E'
CPPFLAGS=''
CYGPATH_W='echo'
DEFS='-DHAVE_CONFIG_H'
DEPDIR='.deps'
ECHO_C=''
ECHO_N='-n'
ECHO_T=''
EGREP='/bin/grep -E'
EXEEXT=''
GREP='/bin/grep'
INSTALL_DATA='${INSTALL} -m 644'
INSTALL_PROGRAM='${INSTALL}'
INSTALL_SCRIPT='${INSTALL}'
INSTALL_STRIP_PROGRAM='$(install_sh) -c -s'
LDFLAGS=' '
LIBOBJS=''
LIBS='-lm '
LTLIBOBJS=''
MAKEINFO='${SHELL} /home/itsdlow/Downloads/fastme-2.1.5/missing makeinfo'
MKDIR_P='/bin/mkdir -p'
OBJEXT='o'
PACKAGE='fastme'
PACKAGE_BUGREPORT='lefort@lirmm.fr'
PACKAGE_NAME='FastME'
PACKAGE_STRING='FastME 2.1.5'
PACKAGE_TARNAME='fastme'
PACKAGE_URL=''
PACKAGE_VERSION='2.1.5'
PATH_SEPARATOR=':'
SET_MAKE=''
SHELL='/bin/bash'
STRIP=''
VERSION='2.1.5'
ac_ct_CC='gcc'
am__EXEEXT_FALSE=''
am__EXEEXT_TRUE='#'
am__fastdepCC_FALSE='#'
am__fastdepCC_TRUE=''
am__include='include'
am__isrc=''
am__leading_dot='.'
am__nodep='_no'
am__quote=''
am__tar='$${TAR-tar} chof - "$$tardir"'
am__untar='$${TAR-tar} xf -'
bindir='${exec_prefix}/bin'
build='x86_64-unknown-linux-gnu'
build_alias=''
build_cpu='x86_64'
build_os='linux-gnu'
build_vendor='unknown'
datadir='${datarootdir}'
datarootdir='${prefix}/share'
docdir='${datarootdir}/doc/${PACKAGE_TARNAME}'
dvidir='${docdir}'
exec_prefix='${prefix}'
host='x86_64-unknown-linux-gnu'
host_alias=''
host_cpu='x86_64'
host_os='linux-gnu'
host_vendor='unknown'
htmldir='${docdir}'
includedir='${prefix}/include'
infodir='${datarootdir}/info'
install_sh='${SHELL} /home/itsdlow/Downloads/fastme-2.1.5/install-sh'
libdir='${exec_prefix}/lib'
libexecdir='${exec_prefix}/libexec'
localedir='${datarootdir}/locale'
localstatedir='${prefix}/var'
mandir='${datarootdir}/man'
mkdir_p='$(MKDIR_P)'
oldincludedir='/usr/include'
pdfdir='${docdir}'
prefix='/usr/local'
program_transform_name='s,x,x,'
psdir='${docdir}'
sbindir='${exec_prefix}/sbin'
sharedstatedir='${prefix}/com'
sysconfdir='${prefix}/etc'
target_alias=''

## ----------- ##
## confdefs.h. ##
## ----------- ##

/* confdefs.h */
#define PACKAGE_NAME "FastME"
#define PACKAGE_TARNAME "fastme"
#define PACKAGE_VERSION "2.1.5"
#define PACKAGE_STRING "FastME 2.1.5"
#define PACKAGE_BUGREPORT "lefort@lirmm.fr"
#define PACKAGE_URL ""
#define PACKAGE "fastme"
#define VERSION "2.1.5"
#define HAVE_LIBM 1
#define STDC_HEADERS 1
#define HAVE_SYS_TYPES_H 1
#define HAVE_SYS_STAT_H 1
#define HAVE_STDLIB_H 1
#define HAVE_STRING_H 1
#define HAVE_MEMORY_H 1
#define HAVE_STRINGS_H 1
#define HAVE_INTTYPES_H 1
#define HAVE_STDINT_H 1
#define HAVE_UNISTD_H 1
#define HAVE_FCNTL_H 1
#define HAVE_FLOAT_H 1
#define HAVE_STDLIB_H 1
#define HAVE_STRING_H 1
#define HAVE__BOOL 1
#define HAVE_STDBOOL_H 1
#define HAVE_STDLIB_H 1
#define HAVE_MALLOC 1
#define HAVE_STDLIB_H 1
#define HAVE_REALLOC 1
#define HAVE_POW 1
#define HAVE_SQRT 1
#define HAVE_STRCHR 1
#define HAVE_STRSTR 1
#define HAVE_OPENMP 1

configure: exit 0
